drews 1.0
26 1133
1.13988 0 0
0.979657 0.0811339 -0.183547
-0.082922 0.996554 -0.00207427
0.182747 0.0172522 0.983009
1.64475 -0.0629034 0.225779
1.13988 0 0
0.999813 0.0118425 -0.0152948
-0.0120893 0.999797 -0.0161459
0.0151005 0.0163278 0.999753
0.177161 -0.0303112 0.165316
1.13988 0 0
0.983632 -0.0796332 0.161638
0.0816251 0.996647 -0.00570969
-0.160641 0.0188099 0.986834
-1.13588 -0.0755497 0.39734
1.13988 0 0
0.946693 -0.140163 0.290046
0.146444 0.989219 5.01373e-05
-0.286926 0.0424279 0.957013
-2.2773 -0.132986 0.458429
1.13988 0 0
0.845055 -0.224596 0.48522
0.24699 0.968845 0.0182982
-0.474213 0.104381 0.874201
-3.78147 -0.306155 0.723679
1.13988 0 0
0.74932 -0.293401 0.593663
0.311639 0.947252 0.0748023
-0.584295 0.128958 0.80123
-4.5846 -0.703245 1.34211
1.13988 0 0
0.571627 -0.348463 0.742843
0.374314 0.916391 0.141834
-0.730159 0.19698 0.654268
-5.96845 -1.21729 2.49955
1.13988 0 0
0.377286 -0.381165 0.84402
0.433813 0.877938 0.202563
-0.818206 0.289722 0.496587
-6.61269 -1.72484 3.62537
1.13988 0 0
0.15965 -0.39391 0.905178
0.469473 0.836906 0.281397
-0.868394 0.380031 0.318542
-7.12847 -2.31978 4.9548
1.13988 0 0
-0.0802924 -0.390332 0.917166
0.483946 0.789145 0.378215
-0.871407 0.474226 0.125537
-7.29382 -3.09653 6.4496
1.13988 0 0
-0.305677 -0.36774 0.878253
0.455428 0.753569 0.474045
-0.83615 0.544886 -0.0628696
-6.96407 -3.78691 8.01442
1.13988 0 0
-0.539206 -0.317437 0.780058
0.438548 0.684918 0.581862
-0.71898 0.655837 -0.230101
-6.34013 -4.7816 8.99049
1.13988 0 0
-0.723345 -0.257104 0.640835
0.356749 0.655465 0.665654
-0.591187 0.710115 -0.382406
-5.12284 -5.39195 10.3203
1.13988 0 0
-0.885513 -0.176798 0.429662
0.238932 0.619831 0.747477
-0.39847 0.76456 -0.506626
-3.63471 -6.01055 11.3048
1.13988 0 0
-0.97801 -0.045797 0.203469
0.133363 0.61274 0.778951
-0.160347 0.788956 -0.593158
-1.80916 -6.30148 12.2534
1.13988 0 0
-0.996702 0.0582871 -0.0564553
-0.00887702 0.613234 0.789852
0.0806584 0.787748 -0.610694
0.235026 -6.40199 12.4082
1.13988 0 0
-0.926087 0.174213 -0.334683
-0.156182 0.630465 0.760343
0.343467 0.756415 -0.556656
2.3288 -6.17979 11.9481
1.13988 0 0
-0.744705 0.282568 -0.604624
-0.298241 0.669558 0.680253
0.597049 0.686911 -0.414349
4.30953 -5.71808 11.0653
1.13988 0 0
-0.549632 0.367319 -0.750321
-0.36258 0.704261 0.610371
0.752622 0.607531 -0.253902
5.6441 -5.33736 9.96871
1.13988 0 0
-0.336703 0.392652 -0.855836
-0.420662 0.750437 0.509792
0.842422 0.531666 -0.0875002
6.47688 -4.53961 8.59205
1.13988 0 0
-0.0649067 0.432393 -0.899346
-0.43411 0.799263 0.415604
0.898518 0.417391 0.135829
7.0327 -3.67626 6.64275
1.13988 0 0
0.25667 0.420992 -0.869992
-0.423133 0.858245 0.290472
0.868953 0.293567 0.398421
6.90149 -2.66102 4.52172
1.13988 0 0
0.465029 0.384198 -0.797584
-0.39437 0.896496 0.201908
0.792604 0.22065 0.568413
6.26578 -1.95911 3.09472
1.13988 0 0
0.690541 0.323324 -0.647005
-0.328268 0.937188 0.117979
0.644511 0.130921 0.753303
5.09457 -1.25693 1.78397
1.13988 0 0
0.857896 0.222401 -0.463198
-0.216725 0.973982 0.0662497
0.46588 0.0435512 0.883775
3.78546 -0.678892 1.12219
1.13988 0 0
0.963086 0.127457 -0.237107
-0.129663 0.991538 0.00633475
0.235908 0.0246432 0.971463
2.07319 -0.254849 0.117697
-0.199018 -1.32143 6.12206
250 100 150
2 0 3 0 1 256 0
-1.20959 1.86707 8.2173
250 100 150
5 0 4 0 1 264 0 2 118 0 3 13 0 25 2 0
-0.633808 -1.95953 6.40932
250 100 150
5 0 8 0 1 219 0 2 116 0 24 216 0 25 75 0
-0.588264 1.91201 8.09435
250 100 150
2 0 11 0 2 129 0
-0.142726 -1.19324 6.12714
250 100 150
2 0 12 0 25 22 0
6.23708 -19.1863 48.0336
250 100 150
4 0 13 0 1 12 0 2 10 0 25 28 0
0.102329 -1.26116 6.15373
250 100 150
2 0 26 0 25 308 0
0.161437 2.10072 7.63405
250 100 150
7 0 28 0 1 287 0 2 149 0 3 126 0 4 150 0 5 104 0 25 24 0
-1.06169 -1.28638 6.85461
250 100 150
2 0 30 0 25 65 0
7.82533 -18.2617 47.2825
250 100 150
4 0 31 0 1 24 0 24 186 0 25 135 0
0.0335999 -1.21607 6.10862
250 100 150
4 0 32 0 1 85 0 2 327 0 25 5 0
1.45492 2.83342 9.77976
250 100 150
2 0 33 0 2 43 0
-1.47656 1.98921 7.91115
250 100 150
3 0 42 0 23 41 0 24 46 0
6.3591 0.0712253 21.0141
250 100 150
2 0 43 0 1 268 0
6.80041 -18.2794 48.2001
250 100 150
4 0 44 0 1 38 0 2 34 0 25 158 0
-1.03056 -1.23195 6.83481
250 100 150
2 0 45 0 25 108 0
-0.615461 -1.27453 6.42992
250 100 150
3 0 47 0 1 102 0 2 297 0
-0.830436 2.05997 7.75598
250 100 150
4 0 49 0 23 182 0 24 275 0 25 42 0
3.8404 -17.6474 48.9782
250 100 150
4 0 51 0 1 52 0 2 55 0 25 191 0
0.302328 -1.05068 6.31233
250 100 150
2 0 52 0 25 74 0
-0.279239 2.12143 7.61473
250 100 150
4 0 54 0 1 292 0 2 144 0 25 29 0
0.600017 -1.85582 6.61588
250 100 150
2 0 56 0 25 137 0
0.532545 -1.06135 6.4211
250 100 150
3 0 59 0 1 55 0 25 70 0
-1.13859 2.07149 7.79289
250 100 150
3 0 61 0 1 282 0 25 69 0
0.437522 -1.05001 6.44255
250 100 150
2 0 63 0 25 90 0
7.76894 1.08283 24.4935
250 100 150
4 0 66 0 1 33 0 23 287 0 25 27 0
0.582163 -1.03665 6.46961
250 100 150
5 0 70 0 1 75 0 2 33 0 3 262 0 4 332 0
0.0167124 2.19223 7.47861
250 100 150
3 0 75 0 24 261 0 25 53 0
-0.0398156 -1.69435 6.14003
250 100 150
2 0 86 0 25 196 0
0.0267227 -2.21497 6.60186
250 100 150
2 0 89 0 25 182 0
0.124526 0.088458 7.51375
250 100 150
7 0 92 0 1 327 0 2 299 0 3 167 0 4 196 0 5 79 0 7 157 0
7.61291 1.93085 28.2437
250 100 150
2 0 93 0 1 57 0
-0.864227 -1.26276 6.67307
250 100 150
3 0 94 0 1 288 0 25 106 0
-0.491708 -2.11504 6.57543
250 100 150
3 0 95 0 1 97 0 25 99 0
-0.639099 -1.75709 6.32109
250 100 150
2 0 104 0 25 495 0
7.88946 2.04023 28.3855
250 100 150
3 0 106 0 23 318 0 25 78 0
-0.0424188 -1.89064 6.19226
250 100 150
2 0 107 0 25 122 0
6.50519 2.78457 27.9751
250 100 150
2 0 112 0 1 56 0
-0.256568 -1.6137 6.13584
250 100 150
3 0 115 0 24 321 0 25 250 0
7.67289 2.61558 27.5861
250 100 150
3 0 116 0 1 117 0 25 125 0
0.350571 -0.907611 6.37283
250 100 150
4 0 118 0 1 192 0 2 11 0 25 159 0
-0.248734 -1.85013 6.16602
250 100 150
3 0 119 0 24 144 0 25 145 0
-0.3824 -1.63785 6.2081
250 100 150
4 0 129 0 23 66 0 24 84 0 25 235 0
-0.89599 -1.00281 6.86367
250 100 150
2 0 130 0 25 216 0
-0.89121 -1.20988 6.74293
250 100 150
4 0 131 0 1 125 0 2 30 0 25 139 0
9.01517 -19.6709 45.5009
250 100 150
4 0 133 0 1 132 0 24 24 0 25 6 0
-0.897157 -1.97301 6.62869
250 100 150
3 0 135 0 24 199 0 25 185 0
6.60751 3.03381 26.8844
250 100 150
2 0 139 0 1 148 0
0.417021 -0.899879 6.41326
250 100 150
2 0 140 0 25 200 0
-0.148438 -1.59125 6.09972
250 100 150
4 0 141 0 1 294 0 24 72 0 25 263 0
-0.531757 -1.8338 6.2557
250 100 150
2 0 143 0 25 179 0
7.75931 3.49126 26.894
250 100 150
2 0 145 0 1 96 0
0.609446 -0.92406 6.56972
250 100 150
7 0 150 0 1 201 0 2 84 0 3 264 0 4 398 0 5 35 0 6 192 0
6.27401 -18.4435 51.6214
250 100 150
4 0 152 0 1 149 0 2 66 0 25 9 0
-0.302875 -1.72013 6.10441
250 100 150
2 0 155 0 25 276 0
0.611554 -0.919122 6.57317
250 100 150
2 0 156 0 25 190 0
7.21268 3.26028 26.9859
250 100 150
2 0 158 0 1 153 0
-0.394205 0.289592 7.56255
250 100 150
2 0 159 0 25 286 0
-1.12055 -20.3321 58.4723
250 100 150
3 0 162 0 2 76 0 25 236 0
0.133146 -2.25878 6.67083
250 100 150
2 0 168 0 25 165 0
-0.20432 -1.54656 6.14961
250 100 150
7 0 172 0 1 133 0 2 281 0 3 315 0 23 299 0 24 332 0 25 280 0
-0.209934 -1.65504 6.09131
250 100 150
6 0 176 0 1 152 0 2 190 0 23 170 0 24 25 0 25 292 0
-1.02866 1.04673 10.0068
250 100 150
2 0 179 0 25 198 0
-0.857509 -1.75474 6.49644
250 100 150
2 0 180 0 25 307 0
-0.00103302 -1.48039 6.1313
250 100 150
5 0 185 0 1 543 0 2 450 0 3 442 0 25 310 0
-0.138436 -2.22198 6.61607
250 100 150
4 0 186 0 1 165 0 24 60 0 25 175 0
-1.13025 -1.87234 6.92293
250 100 150
2 0 188 0 25 321 0
1.18752 1.421 9.12156
250 100 150
6 0 190 0 1 191 0 2 45 0 3 296 0 4 379 0 25 221 0
-0.653227 -1.66127 6.24473
250 100 150
3 0 193 0 24 246 0 25 242 0
-0.109178 -2.12803 6.56006
250 100 150
2 0 195 0 25 207 0
1.09402 1.52462 8.87463
250 100 150
4 0 197 0 1 363 0 2 115 0 25 247 0
24.1085 -15.1019 49.9736
250 100 150
3 0 203 0 23 50 0 25 254 0
0.320279 -1.59867 6.19549
250 100 150
2 0 205 0 25 248 0
0.416612 -0.750264 6.66362
250 100 150
2 0 207 0 25 255 0
0.867891 1.528 8.87508
250 100 150
4 0 214 0 1 215 0 2 56 0 25 217 0
-1.03954 -1.76888 6.72441
250 100 150
2 0 216 0 25 262 0
0.528996 -0.617827 6.89446
250 100 150
4 0 217 0 1 150 0 2 100 0 25 298 0
-1.02158 -1.69424 6.63109
250 100 150
2 0 223 0 25 339 0
0.533038 -0.472931 7.07024
250 100 150
3 0 224 0 1 169 0 25 261 0
-0.722095 -0.455245 6.76689
250 100 150
2 0 229 0 25 278 0
-0.655693 -1.41926 6.26406
250 100 150
3 0 230 0 24 159 0 25 356 0
-0.350941 0.551908 7.62707
250 100 150
6 0 235 0 1 203 0 2 276 0 3 409 0 24 219 0 25 363 0
-1.1001 1.60066 8.79955
250 100 150
3 0 237 0 24 318 0 25 268 0
-4.97806 -1.76237 29.9632
250 100 150
2 0 241 0 1 189 0
0.883342 1.75851 8.36934
250 100 150
5 0 244 0 1 376 0 2 188 0 3 86 0 25 282 0
-0.0721454 0.576868 7.43504
250 100 150
5 0 247 0 1 217 0 2 282 0 24 341 0 25 352 0
0.151533 -1.35665 6.17517
250 100 150
2 0 252 0 25 299 0
-0.58631 -0.278858 6.6854
250 100 150
2 0 259 0 25 311 0
-0.821461 -1.70693 6.4455
250 100 150
2 0 264 0 25 327 0
-0.616698 -0.337299 6.59952
250 100 150
3 0 269 0 24 109 0 25 349 0
-1.0384 -1.42863 6.48819
250 100 150
2 0 270 0 25 64 0
0.315883 -1.23849 6.24522
250 100 150
2 0 277 0 25 370 0
-0.586959 -1.34575 6.37005
250 100 150
2 0 280 0 1 19 0
-0.748448 -0.315841 6.78544
250 100 150
4 0 284 0 1 302 0 24 493 0 25 446 0
-0.0128754 1.98652 7.89259
250 100 150
6 0 285 0 1 396 0 2 283 0 3 81 0 24 322 0 25 320 0
-0.958225 -1.57689 6.4816
250 100 150
2 0 289 0 25 353 0
-1.2797 -1.49349 6.95553
250 100 150
2 0 290 0 25 15 0
0.201529 -1.379 6.14435
250 100 150
3 0 293 0 1 328 0 25 3 0
-0.0346834 -1.25148 6.07992
250 100 150
4 0 296 0 1 35 0 24 68 0 25 71 0
-1.0149 1.77227 8.21047
250 100 150
3 0 304 0 24 210 0 25 287 0
-1.2134 -1.36999 6.93339
250 100 150
2 0 305 0 25 467 0
-1.26107 -1.44651 6.96352
250 100 150
2 0 308 0 25 34 0
0.497482 -1.16472 6.3137
250 100 150
5 0 311 0 1 113 0 2 310 0 3 250 0 25 386 0
0.441314 -1.33683 6.13332
250 100 150
2 0 316 0 25 20 0
-0.660006 -0.24282 6.75491
250 100 150
5 0 317 0 1 236 0 23 219 0 24 214 0 25 371 0
0.0230254 -1.02319 6.22453
250 100 150
3 0 320 0 24 286 0 25 394 0
-1.00345 -1.19719 7.0362
250 100 150
3 0 323 0 23 465 0 25 398 0
-0.53678 -0.0818013 6.83665
250 100 150
4 0 326 0 23 253 0 24 145 0 25 382 0
0.969182 1.69444 8.4823
250 100 150
3 0 328 0 1 308 0 25 407 0
-0.0586363 -1.0131 6.22245
250 100 150
4 0 329 0 1 470 0 2 388 0 25 396 0
-4.1514 -0.66721 29.8236
250 100 150
2 0 330 0 1 313 0
-1.31658 -1.21374 7.34628
250 100 150
2 0 335 0 1 147 0
0.250876 1.93878 7.99205
250 100 150
5 1 326 0 2 438 0 3 388 0 4 492 0 5 448 0
0.42203 -0.834356 6.61199
250 100 150
2 0 357 0 25 406 0
-0.0177782 -2.12991 6.56608
250 100 150
2 0 365 0 1 181 0
0.519362 -0.711975 6.64103
250 100 150
2 0 367 0 25 412 0
0.610684 -0.642817 6.78207
250 100 150
2 0 372 0 25 420 0
0.396871 -0.54988 7.09588
250 100 150
4 0 381 0 1 416 0 2 184 0 25 428 0
-5.43606 -2.19567 30.9408
250 100 150
2 0 388 0 1 265 0
-0.488005 -0.292256 6.64405
250 100 150
4 0 389 0 1 431 0 24 489 0 25 570 0
-0.52338 -0.200914 6.70835
250 100 150
5 0 392 0 1 436 0 2 257 0 24 229 0 25 131 0
-0.818286 -1.87326 6.43316
250 100 150
2 0 397 0 25 462 0
0.341471 -1.31255 6.14347
250 100 150
2 0 403 0 25 549 0
-0.888932 -1.44441 6.45433
250 100 150
2 0 405 0 25 609 0
-0.693529 -1.83825 6.3808
250 100 150
4 0 407 0 23 497 0 24 470 0 25 471 0
-1.22833 -1.51021 6.83202
250 100 150
2 0 410 0 25 510 0
0.249259 -0.498881 7.09606
250 100 150
2 0 411 0 25 449 0
-1.12553 -1.39995 6.76179
250 100 150
4 0 423 0 22 604 0 24 442 0 25 541 0
-0.877051 -1.14684 6.85195
250 100 150
3 0 426 0 24 459 0 25 455 0
0.810109 1.86473 8.09744
250 100 150
2 0 427 0 25 573 0
0.151968 2.02906 7.82881
250 100 150
8 0 430 0 1 528 0 2 387 0 3 373 0 4 595 0 5 497 0 24 363 0 25 466 0
0.228625 -1.13462 6.18731
250 100 150
5 0 436 0 1 594 0 2 411 0 3 367 0 25 448 0
0.147089 -1.80704 6.29782
250 100 150
2 0 438 0 25 104 0
-0.523258 2.06041 7.70903
250 100 150
8 0 439 0 1 537 0 2 374 0 3 397 0 4 461 0 23 559 0 24 420 0 25 582 0
0.124759 -1.22821 6.16814
250 100 150
5 0 443 0 1 587 0 2 395 0 3 529 0 4 468 0
-0.0863933 2.12329 7.66813
250 100 150
4 0 446 0 1 550 0 24 412 0 25 587 0
-0.801035 -1.24506 6.31694
250 100 150
2 0 453 0 25 568 0
-1.83256 2.18067 7.84975
250 100 150
3 0 455 0 24 390 0 25 486 0
-2.23525 2.42132 7.76986
250 100 150
2 0 457 0 2 445 0
-5.25727 -1.64814 29.868
250 100 150
2 0 458 0 1 569 0
-0.840062 -0.909193 6.80782
250 100 150
4 0 462 0 1 370 0 24 423 0 25 499 0
0.372612 -0.726128 6.75381
250 100 150
3 0 469 0 24 330 0 25 520 0
0.404205 -1.51707 6.19232
250 100 150
2 0 472 0 25 296 0
-0.759857 4.3725 11.3875
250 100 150
2 0 475 0 1 51 0
0.387804 -1.12396 6.30945
250 100 150
4 0 476 0 1 551 0 24 230 0 25 551 0
0.724286 -0.640655 6.75672
250 100 150
2 0 479 0 24 334 0
3.0197 -18.6954 52.7983
250 100 150
3 0 481 0 2 358 0 25 524 0
-0.804306 4.15645 10.8305
250 100 150
2 0 482 0 25 493 0
0.130804 -0.634428 6.75588
250 100 150
4 0 485 0 1 539 0 2 425 0 3 419 0
-0.206391 -1.46062 6.15473
250 100 150
4 0 486 0 1 178 0 2 300 0 25 527 0
0.169124 -1.41405 6.1099
250 100 150
5 0 493 0 1 485 0 2 375 0 3 449 0 25 534 0
-1.02564 -1.54357 6.55131
250 100 150
2 0 499 0 25 501 0
-0.956825 0.813992 7.7708
250 100 150
2 0 507 0 24 440 0
1.92882 -19.3249 57.0811
250 100 150
3 0 523 0 2 464 0 25 572 0
0.220028 -0.7431 6.71796
250 100 150
2 0 534 0 25 597 0
-0.446216 -2.03114 6.50165
250 100 150
2 0 535 0 25 560 0
-0.514938 -0.740578 6.61322
250 100 150
5 0 538 0 1 506 0 23 589 0 24 487 0 25 487 0
-0.746506 3.49813 9.44696
250 100 150
2 0 541 0 24 101 0
-0.306585 0.327691 7.76919
250 100 150
3 0 554 0 1 624 0 25 638 0
-0.255164 -0.69585 6.61767
250 100 150
5 0 555 0 1 637 0 23 464 0 24 508 0 25 640 0
-0.57656 -1.39741 6.32489
250 100 150
3 0 570 0 1 525 0 24 529 0
3.26888 3.73139 10.6381
250 100 150
2 0 574 0 25 617 0
-0.801355 1.64823 8.14784
250 100 150
2 0 587 0 24 573 0
-0.354532 -1.54882 6.18342
250 100 150
2 0 589 0 25 651 0
-1.98254 2.40559 7.90434
250 100 150
2 0 596 0 1 686 0
-0.588175 -1.34667 6.38606
250 100 150
3 1 10 0 2 285 0 3 180 0
-0.348446 0.629282 7.52289
250 100 150
2 1 17 0 25 147 0
-1.10406 3.23018 8.63569
250 100 150
2 1 21 0 24 108 0
-8.16729 0.0980126 26.2964
250 100 150
2 1 54 0 2 220 0
0.437336 -1.04547 6.43707
250 100 150
4 1 60 0 2 37 0 3 209 0 4 120 0
12.3173 -15.3034 50.8497
250 100 150
2 1 72 0 24 301 0
0.554404 -1.24907 6.23449
250 100 150
2 1 73 0 2 329 0
0.581923 -1.04026 6.47117
250 100 150
3 1 81 0 2 40 0 3 265 0
0.0170585 -2.19576 6.55665
250 100 150
2 1 90 0 2 121 0
0.687467 -1.04557 6.51646
250 100 150
6 1 92 0 2 57 0 3 268 0 4 382 0 5 340 0 6 167 0
0.678966 1.38297 9.04503
250 100 150
3 1 131 0 2 60 0 3 210 0
0.31016 -1.06689 6.36061
250 100 150
2 1 141 0 2 342 0
0.352752 -1.50013 6.10668
250 100 150
3 1 154 0 2 292 0 4 484 0
13.6578 -17.6295 55.3191
250 100 150
2 1 187 0 24 324 0
0.0557955 -1.36766 6.11546
250 100 150
3 1 224 0 2 264 0 3 153 0
9.17818 -9.22451 42.066
250 100 150
2 1 229 0 24 238 0
0.391003 -1.39691 6.12977
250 100 150
3 1 237 0 2 312 0 3 25 0
-0.655322 -1.42683 6.2842
250 100 150
3 1 250 0 2 305 0 3 341 0
-8.27246 -0.7114 28.1129
250 100 150
2 1 252 0 2 126 0
-8.49655 -0.263811 27.2306
250 100 150
2 1 263 0 2 132 0
-0.81739 1.88633 8.13597
250 100 150
4 1 274 0 2 122 0 3 37 0 4 23 0
0.26854 0.0883516 7.49061
250 100 150
7 1 283 0 2 157 0 3 78 0 4 262 0 5 65 0 6 170 0 7 172 0
-0.3379 -0.324523 6.70841
250 100 150
7 1 284 0 2 140 0 3 334 0 4 551 0 5 375 0 6 212 0 25 285 0
-0.257756 -1.61156 6.11426
250 100 150
2 1 285 0 2 204 0
0.332633 -1.60385 6.21966
250 100 150
5 1 298 0 2 208 0 3 311 0 4 473 0 5 416 0
-0.0159249 -1.56603 6.16287
250 100 150
3 1 301 0 2 226 0 3 104 0
0.202028 -1.37791 6.14113
250 100 150
5 1 332 0 2 269 0 3 161 0 4 271 0 5 218 0
-0.161295 1.9815 7.91317
250 100 150
4 1 334 0 2 338 0 3 273 0 4 466 0
4.81492 0.935879 35.5114
250 100 150
2 1 337 0 24 325 0
-1.61692 2.03885 7.93683
250 100 150
2 1 342 0 25 481 0
-1.35495 2.16549 7.77416
250 100 150
2 1 351 0 3 61 0
0.0440304 0.562167 7.49804
250 100 150
2 1 353 0 2 6 0
0.468819 -0.991129 6.48818
250 100 150
2 1 359 0 3 371 0
-0.257253 1.31704 7.78756
250 100 150
4 1 361 0 2 70 0 3 287 0 25 405 0
-1.50276 1.82442 8.28415
250 100 150
9 0 353 0 1 382 0 2 154 0 3 292 0 21 538 0 22 454 0 23 493 0 24 477 0 25 419 0
-1.256 2.06238 7.82315
250 100 150
3 1 400 0 2 261 0 3 23 0
5.15802 6.64093 24.4222
250 100 150
2 1 405 0 2 20 0
-1.57454 2.14756 7.82495
250 100 150
3 1 408 0 2 266 0 3 30 0
-0.383493 2.16167 7.60581
250 100 150
4 1 410 0 2 311 0 24 329 0 25 423 0
-1.18736 -0.447556 7.59666
250 100 150
2 1 428 0 24 538 0
0.34679 -1.3151 6.1675
250 100 150
3 1 444 0 2 355 0 3 468 0
1.33408 1.39906 9.24292
250 100 150
2 1 447 0 3 511 0
5.09267 0.738259 34.9455
250 100 150
2 1 478 0 24 504 0
0.723551 -0.931499 6.59078
250 100 150
3 1 491 0 2 414 0 3 411 0
4.71868 7.7987 22.5393
250 100 150
2 1 500 0 2 372 0
9.16606 -9.75439 43.5911
250 100 150
2 1 504 0 24 448 0
-0.894167 -1.43527 6.4174
250 100 150
2 1 509 0 24 399 0
0.616028 -0.655347 6.79725
250 100 150
2 1 531 0 2 441 0
-0.761329 -1.577 6.32781
250 100 150
2 1 534 0 2 274 0
-0.771787 -0.482757 6.73547
250 100 150
2 1 549 0 2 471 0
-0.636084 -0.466881 6.60418
250 100 150
2 1 559 0 2 164 0
-0.280488 -1.39593 6.24543
250 100 150
2 1 560 0 2 258 0
0.0682565 -2.12439 6.50314
250 100 150
2 1 564 0 3 406 0
0.0378874 -1.06444 6.16311
250 100 150
2 1 567 0 25 613 0
-7.53326 0.54267 25.2731
250 100 150
2 1 586 0 2 393 0
-0.978726 -0.885752 7.03644
250 100 150
2 1 665 0 3 521 0
-0.67766 -1.28772 6.40997
250 100 150
2 2 12 0 3 148 0
5.95375 -18.7643 48.097
250 100 150
2 2 17 0 25 45 0
0.53288 -1.05075 6.4264
250 100 150
4 2 26 0 3 256 0 4 326 0 5 90 0
3.25399 8.58139 21.595
250 100 150
2 2 27 0 3 229 0
0.525873 -0.841912 6.54661
250 100 150
2 2 42 0 3 281 0
0.3346 -0.999179 6.31257
250 100 150
5 2 44 0 3 219 0 4 321 0 5 82 0 6 115 0
2.5473 8.67213 21.2813
250 100 150
2 2 46 0 3 233 0
3.04566 7.53192 24.1118
250 100 150
2 2 61 0 3 136 0
0.701357 -0.748366 6.71466
250 100 150
2 2 67 0 3 304 0
0.573883 1.62746 8.74423
250 100 150
6 2 79 0 3 27 0 4 383 0 5 237 0 6 24 0 7 207 0
-0.0191347 -2.13481 6.5585
250 100 150
2 2 87 0 3 49 0
2.77181 8.15997 23.0438
250 100 150
2 2 91 0 3 164 0
0.717368 -0.65595 6.74243
250 100 150
3 2 94 0 3 328 0 4 259 0
0.0556357 -2.07216 6.48971
250 100 150
2 2 98 0 3 35 0
2.87411 8.19351 22.4079
250 100 150
2 2 101 0 3 347 0
0.797449 -0.864554 6.71132
250 100 150
3 2 104 0 3 288 0 4 478 0
3.28037 8.25127 22.6415
250 100 150
2 2 111 0 3 173 0
2.69526 8.61982 21.4256
250 100 150
2 2 119 0 3 187 0
0.206456 0.164756 7.51541
250 100 150
3 2 175 0 3 87 0 4 221 0
3.63451 7.19782 23.9609
250 100 150
2 2 183 0 3 170 0
0.395929 -0.546078 7.11481
250 100 150
2 2 195 0 3 22 0
2.83497 7.48869 24.1943
250 100 150
2 2 201 0 3 177 0
0.450435 -0.417142 7.19096
250 100 150
2 2 209 0 3 24 0
-0.14539 -1.58021 6.09219
250 100 150
2 2 211 0 3 107 0
0.421442 0.363979 8.02646
250 100 150
3 2 213 0 3 242 0 4 335 0
0.554085 -1.685 6.52392
250 100 150
4 2 219 0 3 112 0 4 55 0 5 260 0
-0.714778 -1.51703 6.33567
250 100 150
2 2 237 0 3 131 0
0.700823 -1.54235 6.59992
250 100 150
4 2 246 0 3 138 0 4 357 0 5 314 0
-0.32087 1.93708 7.9872
250 100 150
2 2 248 0 3 40 0
-0.759415 -0.202198 6.90886
250 100 150
2 2 250 0 3 28 0
0.65202 -1.49097 6.50184
250 100 150
6 2 256 0 3 171 0 5 357 0 6 283 0 7 341 0 8 321 0
-0.660348 -1.59253 6.23013
250 100 150
2 2 259 0 3 100 0
0.221787 1.92692 7.82668
250 100 150
2 2 271 0 3 101 0
0.26623 -1.35657 6.1648
250 100 150
2 2 272 0 3 196 0
0.352403 -1.50098 6.11211
250 100 150
2 2 287 0 3 321 0
0.694406 -1.3392 6.41628
250 100 150
2 2 303 0 3 76 0
-0.271626 0.418198 7.67484
250 100 150
3 2 324 0 3 235 0 4 233 0
0.554416 -1.24792 6.23616
250 100 150
2 2 332 0 3 103 0
0.305991 -1.07495 6.38029
250 100 150
3 2 340 0 3 188 0 4 432 0
0.855629 -1.07853 6.68599
250 100 150
4 2 346 0 3 383 0 4 554 0 5 456 0
0.46277 -1.25508 6.20108
250 100 150
2 2 359 0 3 494 0
1.13734 1.64776 8.60073
250 100 150
4 2 364 0 3 523 0 4 593 0 5 475 0
-0.661274 -1.28091 5.67476
250 100 150
2 2 365 0 4 248 0
-0.0685671 -2.14853 6.6019
250 100 150
2 2 378 0 3 260 0
0.133872 -1.82902 6.29704
250 100 150
2 2 385 0 3 510 0
0.41496 -0.894364 6.53032
250 100 150
2 2 400 0 3 390 0
-0.309694 -1.81047 6.15732
250 100 150
2 2 408 0 3 298 0
0.831718 -1.49102 6.67368
250 100 150
2 2 461 0 3 459 0
0.392353 -1.11543 6.33355
250 100 150
5 2 473 0 3 554 0 4 631 0 6 237 0 7 257 0
0.206422 0.29866 7.60703
250 100 150
2 2 532 0 3 580 0
1.00088 1.54337 8.89362
250 100 150
3 3 18 0 4 84 0 5 27 0
-0.247885 -2.25198 6.65463
250 100 150
2 3 21 0 4 224 0
0.482064 -1.77747 6.46601
250 100 150
2 3 73 0 4 325 0
0.0986751 0.188529 7.47219
250 100 150
3 3 82 0 4 214 0 5 97 0
0.71392 1.85471 8.22478
250 100 150
3 3 89 0 4 137 0 5 85 0
0.162155 0.496436 7.69367
250 100 150
2 3 91 0 5 128 0
0.240969 0.769074 7.41177
250 100 150
3 3 120 0 4 346 0 5 155 0
1.08931 1.52802 8.94195
250 100 150
3 3 156 0 4 385 0 5 347 0
0.205306 0.0522018 8.18503
250 100 150
2 3 162 0 4 247 0
-9.94271 2.16717 18.1516
250 100 150
2 3 217 0 4 201 0
1.4555 1.46312 9.23285
250 100 150
2 3 241 0 4 90 0
1.4992 1.4991 9.29738
250 100 150
3 3 246 0 4 96 0 5 62 0
0.963804 1.73371 8.48294
250 100 150
9 3 254 0 4 16 0 5 298 0 6 100 0 7 170 0 8 57 0 9 58 0 10 88 0 11 247 0
0.855189 -0.911255 6.76004
250 100 150
3 3 285 0 4 402 0 5 77 0
0.480566 -0.78549 6.61053
250 100 150
2 3 297 0 4 206 0
1.69915 1.40612 9.5816
250 100 150
2 3 300 0 4 76 0
0.505282 -1.56788 6.34049
250 100 150
8 3 329 0 4 488 0 5 436 0 6 270 0 7 314 0 8 370 0 9 297 0 10 92 0
0.678882 -1.63057 6.67619
250 100 150
3 3 335 0 4 504 0 5 447 0
0.413053 -0.899535 6.5332
250 100 150
2 3 382 0 4 577 0
0.580449 0.289043 8.49124
250 100 150
2 3 396 0 4 570 0
-0.7118 -0.768268 6.76039
250 100 150
2 3 401 0 4 349 0
0.357412 0.437863 7.82662
250 100 150
5 3 404 0 4 419 0 5 369 0 7 285 0 9 331 0
-0.300307 0.654005 7.53348
250 100 150
3 3 416 0 4 339 0 5 334 0
0.612742 -1.86267 6.63678
250 100 150
2 3 418 0 4 434 0
0.127864 -0.63385 6.76049
250 100 150
3 3 425 0 4 167 0 5 194 0
-9.92743 3.38053 19.4513
250 100 150
2 3 430 0 4 405 0
0.0375149 -1.24155 6.09555
250 100 150
2 3 484 0 4 537 0
0.53753 1.72687 8.48993
250 100 150
3 3 487 0 4 453 0 5 431 0
-0.810472 1.66279 8.17691
250 100 150
2 3 544 0 4 646 0
0.819181 -0.592516 7.17408
250 100 150
2 4 1 0 5 248 0
0.788858 -0.861237 6.73724
250 100 150
2 4 30 0 5 123 0
1.31119 1.35656 9.40764
250 100 150
2 4 35 0 6 83 0
0.701692 -0.449395 7.24799
250 100 150
2 4 46 0 5 292 0
1.23725 1.46288 9.18193
250 100 150
2 4 54 0 5 34 0
0.933648 1.63924 9.72339
250 100 150
2 4 62 0 5 267 0
-12.1991 -1.17154 16.1626
250 100 150
2 4 63 0 5 1 0
-0.204404 -1.46979 6.13464
250 100 150
2 4 65 0 5 290 0
1.46869 1.43045 9.4379
250 100 150
2 4 68 0 6 98 0
0.585103 -1.60623 6.49675
250 100 150
7 4 97 0 5 315 0 6 122 0 7 194 0 8 88 0 9 85 0 10 215 0
-10.4498 -0.933178 14.9157
250 100 150
2 4 99 0 5 44 0
-12.5937 -0.853123 16.3315
250 100 150
2 4 105 0 5 32 0
-12.142 -5.53603 13.9041
250 100 150
2 4 113 0 5 40 0
-12.2987 2.33391 17.0978
250 100 150
2 4 142 0 5 33 0
0.893725 1.84034 8.21381
250 100 150
3 4 143 0 5 111 0 7 176 0
0.109191 -0.633248 6.78513
250 100 150
2 4 151 0 5 180 0
0.432324 -0.984434 6.44344
250 100 150
2 4 159 0 5 101 0
-0.0506012 -2.14994 6.54595
250 100 150
2 4 160 0 5 185 0
0.286958 -0.918478 6.3239
250 100 150
2 4 163 0 5 105 0
-0.449011 -0.102013 6.88755
250 100 150
2 4 165 0 5 3 0
0.864533 -1.87108 7.11612
250 100 150
2 4 203 0 5 301 0
0.682651 -0.820056 6.62667
250 100 150
2 4 210 0 5 176 0
-0.049384 -2.27171 6.62631
250 100 150
2 4 216 0 5 55 0
0.475182 -1.23397 6.19245
250 100 150
2 4 222 0 5 266 0
-0.653982 0.269947 7.68938
250 100 150
2 4 225 0 5 39 0
-12.4365 0.466214 16.3496
250 100 150
2 4 231 0 5 156 0
0.00819379 -2.201 6.58417
250 100 150
2 4 232 0 5 68 0
0.815122 -0.775109 6.84022
250 100 150
2 4 237 0 5 219 0
-10.4956 3.1968 16.8015
250 100 150
2 4 240 0 5 103 0
-0.0688418 0.603905 7.4735
250 100 150
2 4 254 0 5 177 0
-14.2711 -2.49455 16.9456
250 100 150
2 4 258 0 5 202 0
0.792685 -0.647571 6.83679
250 100 150
2 4 268 0 5 212 0
-11.1556 -3.51344 14.0107
250 100 150
2 4 287 0 5 94 0
0.471416 -2.13265 6.81265
250 100 150
2 4 298 0 5 204 0
-11.6639 -1.19503 15.9235
250 100 150
2 4 301 0 5 9 0
-10.7653 3.08619 17.6696
250 100 150
2 4 310 0 5 71 0
-12.2236 -3.84593 16.0073
250 100 150
2 4 311 0 5 255 0
-0.662931 -1.42926 6.29301
250 100 150
2 4 342 0 5 296 0
0.409579 -0.939675 6.49416
250 100 150
2 4 344 0 5 119 0
0.0568513 -1.37034 6.10828
250 100 150
2 4 347 0 5 306 0
-10.9315 4.71054 15.4967
250 100 150
2 4 348 0 5 210 0
1.00457 -0.975861 7.09895
250 100 150
3 4 359 0 5 140 0 6 295 0
0.311054 -1.13835 6.29891
250 100 150
2 4 371 0 5 333 0
1.14356 1.59099 8.90183
250 100 150
3 4 374 0 5 50 0 6 86 0
0.611637 1.41287 9.01088
250 100 150
3 4 377 0 5 412 0 6 253 0
0.810856 2.46087 7.15603
250 100 150
2 4 391 0 5 317 0
0.510584 -0.843883 6.57612
250 100 150
2 4 401 0 5 47 0
-11.8379 -4.35185 15.984
250 100 150
2 4 417 0 5 392 0
0.596792 -1.8697 6.66539
250 100 150
2 4 426 0 5 382 0
-10.5873 3.9827 17.5463
250 100 150
2 4 429 0 5 362 0
-12.5393 1.37653 17.8359
250 100 150
2 4 433 0 5 383 0
0.00256534 -1.4689 6.10177
250 100 150
2 4 456 0 5 409 0
1.94561 1.51095 9.8196
250 100 150
4 4 457 0 5 478 0 6 300 0 7 344 0
-12.1288 -0.05673 16.6338
250 100 150
2 4 458 0 5 396 0
-12.6139 0.203284 16.6948
250 100 150
2 4 470 0 5 410 0
0.728535 -1.34718 6.56958
250 100 150
2 4 481 0 5 479 0
0.82095 -1.5074 6.6937
250 100 150
6 4 489 0 5 420 0 6 309 0 7 359 0 8 286 0 9 337 0
-12.4035 2.54508 17.4289
250 100 150
2 4 506 0 5 413 0
0.68474 -1.62748 6.6678
250 100 150
4 4 510 0 5 453 0 6 303 0 7 334 0
0.6654 -1.3677 6.45792
250 100 150
3 4 511 0 5 430 0 6 313 0
0.860853 -1.60555 6.79563
250 100 150
6 4 522 0 5 363 0 6 308 0 7 345 0 8 391 0 9 178 0
0.218127 -1.12443 6.18423
250 100 150
2 4 527 0 5 440 0
0.241505 -2.05669 6.45048
250 100 150
2 4 536 0 5 450 0
-12.3427 3.09751 17.8148
250 100 150
2 4 544 0 5 454 0
0.831302 -1.24477 6.61607
250 100 150
6 4 562 0 5 492 0 6 324 0 7 368 0 8 332 0 9 372 0
0.953099 -1.12643 6.86
250 100 150
5 4 572 0 5 511 0 6 364 0 7 379 0 8 472 0
-11.628 3.38368 17.6522
250 100 150
2 4 573 0 5 438 0
-0.0588998 -1.72539 6.10997
250 100 150
2 4 582 0 5 444 0
0.967254 -0.991549 6.98086
250 100 150
6 4 583 0 5 441 0 6 272 0 7 289 0 8 431 0 9 293 0
0.679689 2.2911 7.38682
250 100 150
2 4 597 0 5 501 0
0.765481 -1.81377 6.72982
250 100 150
2 4 643 0 5 533 0
0.546817 1.33111 8.85983
250 100 150
2 4 659 0 5 546 0
0.466972 2.09496 7.70566
250 100 150
2 4 665 0 5 556 0
1.41376 1.37516 9.45564
250 100 150
2 5 2 0 6 72 0
-14.8868 -10.4967 25.8952
250 100 150
2 5 51 0 6 5 0
0.796559 -0.855927 6.73089
250 100 150
3 5 108 0 6 196 0 8 95 0
0.987914 -1.24183 7.19988
250 100 150
5 5 114 0 6 184 0 7 286 0 8 421 0 9 285 0
1.00475 -1.26422 7.08356
250 100 150
5 5 122 0 6 177 0 7 230 0 8 226 0 9 202 0
1.03636 -1.15613 7.05919
250 100 150
7 5 137 0 6 121 0 7 25 0 8 74 0 9 4 0 10 60 0 11 58 0
0.327241 0.378514 7.81771
250 100 150
2 5 145 0 6 95 0
-12.1575 -4.36037 16.228
250 100 150
2 5 147 0 7 95 0
0.216112 -1.71759 6.19699
250 100 150
2 5 158 0 6 42 0
1.08077 -1.0835 7.31929
250 100 150
2 5 172 0 6 204 0
0.964177 -1.84882 7.42264
250 100 150
7 5 225 0 6 143 0 7 206 0 8 152 0 9 183 0 11 351 0 12 204 0
0.756529 -1.57263 6.68099
250 100 150
4 5 236 0 6 74 0 7 99 0 8 160 0
0.816339 -0.642212 7.02122
250 100 150
2 5 242 0 6 11 0
0.873046 -1.60203 6.82431
250 100 150
3 5 245 0 6 80 0 7 208 0
0.783458 1.54881 8.90998
250 100 150
2 5 256 0 7 132 0
-12.8287 -3.95724 16.5251
250 100 150
2 5 262 0 7 49 0
0.849092 1.5315 8.95957
250 100 150
2 5 263 0 7 137 0
1.42282 1.48206 9.34025
250 100 150
2 5 291 0 6 109 0
0.886691 1.6882 8.57818
250 100 150
3 5 295 0 6 91 0 7 155 0
0.820599 -1.44415 6.65211
250 100 150
4 5 327 0 6 168 0 7 213 0 8 225 0
0.993686 1.67335 8.5953
250 100 150
7 5 348 0 6 216 0 7 162 0 8 67 0 9 66 0 10 267 0 11 252 0
0.470643 -1.78803 6.48217
250 100 150
2 5 411 0 6 251 0
1.05484 -0.935991 7.23649
250 100 150
3 5 462 0 6 296 0 7 331 0
0.77188 1.63079 8.70876
250 100 150
9 5 549 0 6 359 0 7 405 0 8 470 0 9 392 0 10 463 0 11 456 0 12 386 0 14 514 0
-4.1856 0.677716 11.7436
250 100 150
2 6 2 0 8 140 0
1.05835 -0.841432 7.44761
250 100 150
3 6 18 0 7 91 0 8 171 0
0.964475 -1.75983 7.33261
250 100 150
4 6 87 0 8 167 0 9 191 0 10 332 0
0.771618 -0.510952 7.56924
250 100 150
2 6 94 0 7 97 0
0.861698 -1.87485 7.12421
250 100 150
2 6 110 0 7 198 0
0.0554473 -1.58248 6.13602
250 100 150
2 6 113 0 7 174 0
0.594691 -1.62812 6.58122
250 100 150
2 6 127 0 7 188 0
0.893976 -1.80747 7.09901
250 100 150
2 6 134 0 7 196 0
0.886568 -1.29533 6.7207
250 100 150
4 6 153 0 7 218 0 9 182 0 10 34 0
0.887472 -1.2955 6.72001
250 100 150
4 6 159 0 7 220 0 8 204 0 9 187 0
0.690312 -1.54932 6.60916
250 100 150
4 6 161 0 7 205 0 8 130 0 9 166 0
-0.237532 0.373889 7.65771
250 100 150
2 6 198 0 7 177 0
0.791317 -0.853486 6.73687
250 100 150
2 6 200 0 7 52 0
0.799211 -0.754236 6.66573
250 100 150
2 6 206 0 7 12 0
0.844686 1.58806 8.95895
250 100 150
3 6 214 0 7 315 0 8 301 0
1.1367 -0.910168 7.29053
250 100 150
2 6 215 0 7 77 0
-0.57757 4.33752 11.0176
250 100 150
2 6 225 0 7 380 0
-1.62931 2.08689 7.91462
250 100 150
2 6 229 0 7 192 0
0.968654 -1.27125 6.99662
250 100 150
2 6 238 0 8 348 0
0.846919 -1.06548 6.70667
250 100 150
3 6 260 0 7 281 0 8 387 0
0.613326 -1.8695 6.63676
250 100 150
4 6 284 0 7 310 0 8 280 0 9 291 0
0.954854 -1.76018 7.20304
250 100 150
6 6 289 0 7 248 0 8 333 0 9 346 0 10 402 0 11 387 0
1.00079 -0.931571 7.60048
250 100 150
2 6 291 0 7 290 0
0.828091 -1.8738 6.91934
250 100 150
3 6 299 0 7 397 0 8 493 0
0.715535 -1.36429 6.5711
250 100 150
3 6 318 0 7 365 0 8 302 0
1.40697 1.44881 8.35375
250 100 150
2 6 335 0 8 84 0
0.784493 -1.80429 6.71911
250 100 150
3 6 351 0 7 386 0 8 471 0
0.954752 2.97032 9.68369
250 100 150
2 6 358 0 8 468 0
1.54228 1.41566 9.57172
250 100 150
2 7 3 0 8 29 0
-1.02014 1.05779 10.3453
250 100 150
2 7 34 0 8 165 0
1.01687 -1.09766 7.65722
250 100 150
2 7 37 0 8 268 0
-9.24714 3.61759 17.5778
250 100 150
2 7 55 0 8 232 0
1.29905 1.36601 9.41161
250 100 150
2 7 156 0 8 10 0
1.42617 1.3766 9.46113
250 100 150
4 7 181 0 8 275 0 9 229 0 10 280 0
1.68623 1.42056 9.62214
250 100 150
3 7 186 0 8 121 0 9 120 0
0.85853 -0.732722 7.92384
250 100 150
4 7 212 0 8 90 0 9 114 0 10 326 0
0.828809 1.57159 8.83429
250 100 150
4 7 237 0 8 30 0 9 48 0 10 79 0
0.985597 -1.6093 7.41163
250 100 150
6 7 260 0 8 315 0 9 374 0 10 302 0 11 380 0 12 378 0
1.04919 -1.50989 7.37729
250 100 150
4 7 271 0 8 376 0 9 245 0 11 364 0
0.470354 -1.79138 6.48381
250 100 150
2 7 297 0 8 343 0
1.02002 -0.981707 7.09105
250 100 150
3 7 307 0 8 279 0 9 302 0
0.509146 -1.56631 6.34141
250 100 150
2 7 322 0 9 303 0
0.892706 -1.95286 7.39315
250 100 150
5 7 355 0 8 436 0 9 348 0 10 391 0 11 353 0
1.55976 1.26978 9.54912
250 100 150
2 7 374 0 8 445 0
1.27277 2.50378 10.0522
250 100 150
2 7 375 0 9 371 0
1.11669 -0.912283 7.30005
250 100 150
2 8 11 0 9 9 0
0.577414 1.62523 8.74137
250 100 150
6 8 12 0 9 28 0 10 82 0 11 171 0 12 127 0 13 135 0
0.972846 -1.75169 7.40745
250 100 150
2 8 14 0 9 141 0
0.96849 -1.75039 7.4082
250 100 150
4 8 20 0 9 153 0 10 26 0 11 176 0
0.826597 -1.6791 8.0757
250 100 150
2 8 36 0 9 209 0
0.901571 1.83547 8.21689
250 100 150
4 8 46 0 9 107 0 10 102 0 11 91 0
0.33081 0.222324 8.14888
250 100 150
5 8 107 0 9 196 0 10 251 0 11 42 0 12 56 0
1.62312 1.39421 9.59325
250 100 150
2 8 110 0 9 108 0
0.90453 -1.80561 7.09918
250 100 150
4 8 118 0 9 134 0 10 161 0 11 210 0
1.0764 -1.03286 7.39243
250 100 150
3 8 134 0 9 63 0 10 86 0
0.78668 -1.59512 6.72117
250 100 150
2 8 168 0 9 129 0
0.866298 -1.85722 7.08795
250 100 150
5 8 174 0 9 156 0 10 227 0 11 169 0 12 158 0
1.00554 1.61085 8.74272
250 100 150
2 8 209 0 9 138 0
0.949627 -1.78996 7.45967
250 100 150
6 8 230 0 9 198 0 10 218 0 11 229 0 12 206 0 13 242 0
0.804842 -1.94891 6.80912
250 100 150
2 8 292 0 9 294 0
0.169343 1.99992 7.82888
250 100 150
2 8 293 0 9 222 0
0.829405 -1.30745 6.62744
250 100 150
2 8 305 0 9 243 0
1.11646 1.62696 8.67476
250 100 150
4 8 312 0 9 334 0 10 337 0 11 256 0
0.994979 2.87705 6.88195
250 100 150
5 8 323 0 9 342 0 10 354 0 11 409 0 12 363 0
0.849387 -2.08162 7.42265
250 100 150
5 8 364 0 9 304 0 10 365 0 11 336 0 12 286 0
1.06564 -1.08826 7.15948
250 100 150
3 8 372 0 9 265 0 10 266 0
0.945439 -1.93272 7.49756
250 100 150
4 8 382 0 9 322 0 10 319 0 11 340 0
1.00512 -1.0917 7.66145
250 100 150
3 8 390 0 9 225 0 10 289 0
1.06355 -1.50366 7.73468
250 100 150
2 8 403 0 9 379 0
0.984397 -1.24169 7.19975
250 100 150
3 8 418 0 9 277 0 10 322 0
1.04289 -1.13415 7.06984
250 100 150
2 8 429 0 10 378 0
0.916631 -1.72051 6.93789
250 100 150
3 8 437 0 9 353 0 10 385 0
0.869813 -2.05012 7.55129
250 100 150
6 8 444 0 9 391 0 10 452 0 11 458 0 12 400 0 13 544 0
0.99909 -1.13711 7.52624
250 100 150
3 8 479 0 9 408 0 10 461 0
0.999534 -1.13606 7.5263
250 100 150
2 8 487 0 10 464 0
0.810029 -1.86466 6.92411
250 100 150
3 8 489 0 9 389 0 10 450 0
-17.0352 -0.00700595 4.48639
250 100 150
2 9 10 0 10 37 0
-16.9638 -0.0909945 5.05638
250 100 150
2 9 23 0 10 42 0
0.961021 -1.27996 7.80068
250 100 150
4 9 25 0 10 77 0 11 158 0 12 102 0
0.670959 -1.20428 8.27957
250 100 150
5 9 44 0 10 172 0 11 220 0 12 58 0 13 61 0
0.468138 -0.86248 8.55181
250 100 150
2 9 67 0 10 234 0
0.966103 -0.887518 7.73947
250 100 150
2 9 68 0 10 308 0
1.02757 1.53583 8.89959
250 100 150
8 9 75 0 10 157 0 11 188 0 12 98 0 13 137 0 14 39 0 15 148 0 16 119 0
1.1226 1.52128 8.92325
250 100 150
4 9 83 0 10 115 0 11 263 0 12 225 0
0.667368 1.50004 9.00498
250 100 150
2 9 86 0 11 102 0
-17.9075 13.4954 1.8253
250 100 150
2 9 88 0 10 177 0
1.17566 1.56939 8.87756
250 100 150
3 9 93 0 10 123 0 11 207 0
-17.3012 12.3311 3.79485
250 100 150
2 9 94 0 10 194 0
0.728016 1.85659 8.2154
250 100 150
2 9 96 0 10 78 0
0.782661 -2.02127 7.26716
250 100 150
2 9 98 0 11 116 0
-0.124387 -2.35211 8.04904
250 100 150
2 9 104 0 10 61 0
0.887093 1.50722 8.95033
250 100 150
3 9 113 0 10 136 0 11 117 0
0.865427 1.3371 9.37479
250 100 150
7 9 126 0 10 198 0 11 215 0 12 148 0 14 273 0 15 293 0 16 143 0
0.82528 -1.84645 6.80188
250 100 150
3 9 139 0 10 197 0 11 106 0
1.05436 1.47398 9.06245
250 100 150
3 9 150 0 10 202 0 11 130 0
0.616039 -1.98762 8.20397
250 100 150
5 9 172 0 10 226 0 12 327 0 13 294 0 14 28 0
0.529235 1.58325 8.68589
250 100 150
4 9 224 0 10 255 0 11 243 0 12 219 0
0.654185 1.57471 8.96912
250 100 150
2 9 226 0 10 264 0
0.95586 -1.64842 7.84861
250 100 150
2 9 252 0 10 301 0
0.759768 -1.21402 8.1232
250 100 150
4 9 255 0 10 373 0 11 417 0 12 287 0
0.495948 -2.06833 6.75002
250 100 150
2 9 274 0 10 328 0
0.477184 -1.78676 6.48447
250 100 150
2 9 286 0 10 275 0
0.677467 -2.03497 6.85949
250 100 150
2 9 287 0 10 379 0
0.570811 -0.765971 8.35075
250 100 150
2 9 289 0 10 335 0
0.980879 1.52093 8.88817
250 100 150
4 9 290 0 10 331 0 11 370 0 12 306 0
1.21076 1.39003 9.1633
250 100 150
2 9 295 0 10 347 0
0.750236 -2.10576 7.69294
250 100 150
5 9 306 0 10 306 0 11 359 0 12 297 0 13 500 0
0.85295 -2.07754 7.60876
250 100 150
2 9 313 0 10 376 0
0.85777 -1.60177 6.79877
250 100 150
2 9 318 0 10 192 0
0.772736 -2.04808 7.80726
250 100 150
5 9 321 0 10 396 0 11 279 0 12 317 0 13 457 0
0.769492 -0.827035 7.97643
250 100 150
2 9 333 0 10 387 0
0.830372 1.82641 8.1743
250 100 150
4 9 357 0 10 422 0 11 411 0 12 373 0
0.904329 -1.71158 7.76801
250 100 150
3 9 366 0 10 350 0 11 307 0
1.37817 1.34714 9.35124
250 100 150
3 9 373 0 10 371 0 11 412 0
0.94262 -1.11526 6.86952
250 100 150
2 9 378 0 10 333 0
0.700025 -1.02654 8.27012
250 100 150
2 9 400 0 10 425 0
0.817005 -1.01593 8.04122
250 100 150
4 10 12 0 11 87 0 12 87 0 13 269 0
-16.8161 2.99721 -0.709567
250 100 150
2 10 50 0 11 4 0
-0.0481312 -2.5332 7.342
250 100 150
2 10 56 0 11 27 0
-0.290721 1.32097 9.42547
250 100 150
6 10 63 0 11 136 0 12 78 0 13 130 0 14 103 0 15 210 0
0.154626 -2.18647 6.63788
250 100 150
2 10 65 0 11 52 0
0.902635 1.74968 8.40303
250 100 150
2 10 67 0 12 90 0
1.06311 -1.05209 7.47638
250 100 150
2 10 85 0 11 119 0
0.813021 -1.18363 8.04831
250 100 150
2 10 91 0 11 214 0
0.80682 -1.25443 8.03846
250 100 150
3 10 94 0 11 270 0 12 6 0
0.683957 1.30568 9.43921
250 100 150
2 10 96 0 11 196 0
0.74482 -2.05707 7.22272
250 100 150
2 10 121 0 11 167 0
1.27774 1.43632 9.16989
250 100 150
2 10 132 0 11 141 0
0.622694 -1.21626 8.33161
250 100 150
4 10 154 0 11 56 0 12 72 0 13 75 0
0.679939 -2.08542 6.95424
250 100 150
2 10 159 0 11 107 0
0.269764 -2.32871 7.97375
250 100 150
7 10 167 0 11 179 0 12 132 0 13 81 0 14 301 0 15 329 0 16 173 0
0.993847 1.47129 9.02932
250 100 150
3 10 169 0 11 120 0 13 153 0
0.864612 1.33822 9.37464
250 100 150
5 10 190 0 11 212 0 12 155 0 13 177 0 14 279 0
-0.188531 1.36906 9.39626
250 100 150
4 10 243 0 11 355 0 12 281 0 13 481 0
0.998666 -1.21301 7.02422
250 100 150
2 10 244 0 11 35 0
0.125396 0.176532 8.47753
250 100 150
2 10 256 0 11 86 0
0.811213 -1.67663 8.07489
250 100 150
2 10 259 0 11 244 0
0.845221 1.69055 8.53428
250 100 150
2 10 260 0 11 360 0
1.20562 1.41263 9.16641
250 100 150
4 10 273 0 11 265 0 12 229 0 13 324 0
-0.0993249 0.129825 8.7773
250 100 150
2 10 291 0 12 395 0
0.577012 -1.14179 8.43271
250 100 150
2 10 303 0 11 288 0
-0.82813 1.19246 9.71815
250 100 150
5 10 307 0 11 363 0 12 347 0 13 469 0 14 345 0
1.04881 -1.33707 7.70709
250 100 150
4 10 340 0 11 385 0 12 250 0 13 415 0
0.546463 -2.27647 7.25659
250 100 150
2 10 349 0 11 293 0
0.472565 -0.898367 8.46685
250 100 150
2 10 394 0 11 301 0
0.513634 -1.95384 8.33539
250 100 150
3 10 413 0 11 394 0 12 408 0
0.8261 -1.97582 7.72096
250 100 150
3 10 417 0 11 343 0 12 370 0
0.696897 2.01192 7.68737
250 100 150
4 10 421 0 11 405 0 12 371 0 13 435 0
0.815643 2.7423 7.36425
250 100 150
2 10 473 0 11 465 0
0.59096 -0.660185 8.52685
250 100 150
2 11 33 0 12 51 0
-0.758827 1.29638 9.54666
250 100 150
2 11 60 0 12 70 0
-0.128152 -2.47373 7.58294
250 100 150
4 11 67 0 12 25 0 13 101 0 14 115 0
0.31226 -1.68077 8.61036
250 100 150
4 11 77 0 12 121 0 13 8 0 14 258 0
-0.0802701 1.32584 9.35371
250 100 150
2 11 85 0 12 82 0
1.03858 1.58132 8.74346
250 100 150
2 11 108 0 12 92 0
0.617051 -2.30315 7.37583
250 100 150
2 11 124 0 12 67 0
-0.396912 1.26405 9.60022
250 100 150
5 11 144 0 12 111 0 13 316 0 14 269 0 15 322 0
0.969088 -1.28666 7.80622
250 100 150
2 11 147 0 12 93 0
0.520294 -0.896165 8.40771
250 100 150
2 11 149 0 12 324 0
0.399074 -2.10841 8.22458
250 100 150
3 11 161 0 12 122 0 13 270 0
0.0706153 -1.9688 8.52885
250 100 150
3 11 194 0 12 33 0 13 86 0
1.00581 -1.10809 7.65698
250 100 150
2 11 198 0 12 85 0
0.90165 -1.85529 7.24309
250 100 150
2 11 218 0 12 193 0
0.303005 1.89139 7.80209
250 100 150
2 11 224 0 12 55 0
0.00276004 -1.03224 8.7018
250 100 150
4 11 235 0 12 163 0 13 13 0 14 118 0
0.086305 -2.05938 8.48892
250 100 150
5 11 236 0 12 226 0 13 303 0 14 94 0 15 370 0
0.965844 -1.37746 7.03377
250 100 150
2 11 241 0 12 131 0
0.624722 -1.07778 8.42672
250 100 150
3 11 246 0 12 156 0 13 159 0
0.912672 -1.28929 7.98037
250 100 150
3 11 264 0 12 284 0 13 338 0
-0.18136 -2.35624 8.02422
250 100 150
2 11 284 0 12 295 0
0.16455 -2.37383 7.79197
250 100 150
2 11 304 0 12 265 0
0.95361 -1.61772 7.62405
250 100 150
2 11 317 0 12 342 0
-0.293996 -2.48577 7.68443
250 100 150
2 12 38 0 13 78 0
-0.31559 -1.15569 8.72002
250 100 150
2 11 321 0 12 337 0
0.0954444 -1.9006 8.5455
250 100 150
4 11 325 0 12 357 0 13 528 0 14 361 0
0.711402 2.04959 7.23113
250 100 150
2 11 326 0 13 426 0
0.680197 -1.24183 8.20106
250 100 150
2 11 327 0 12 293 0
0.399716 -1.87307 8.45668
250 100 150
2 11 333 0 12 241 0
-0.453312 1.31515 9.48239
250 100 150
9 11 337 0 12 274 0 13 459 0 14 373 0 15 403 0 16 415 0 17 321 0 18 464 0 19 504 0
-0.450171 1.19903 9.73677
250 100 150
5 11 347 0 12 292 0 14 380 0 15 411 0 16 431 0
0.233094 -1.87479 8.52283
250 100 150
5 11 368 0 12 252 0 13 530 0 14 378 0 15 590 0
0.272418 -1.74893 8.57111
250 100 150
2 11 374 0 12 264 0
-0.652907 1.15986 9.83935
250 100 150
7 11 376 0 12 351 0 13 522 0 14 457 0 15 612 0 16 590 0 17 391 0
0.266634 1.35886 9.31515
250 100 150
6 11 382 0 12 356 0 13 486 0 14 372 0 15 550 0 16 384 0
0.4604 -1.24321 8.49776
250 100 150
2 11 395 0 12 345 0
0.542442 -1.45197 8.44606
250 100 150
2 11 400 0 12 246 0
0.141381 -2.35336 8.00935
250 100 150
2 11 419 0 12 385 0
0.895371 -1.80409 7.9586
250 100 150
2 11 438 0 12 396 0
0.889064 2.38434 6.93993
250 100 150
2 11 441 0 13 514 0
0.596553 -2.24799 7.8024
250 100 150
2 11 450 0 12 393 0
0.020037 -2.51627 7.40521
250 100 150
4 12 8 0 13 30 0 14 253 0 15 109 0
-0.173093 -2.50129 7.59968
250 100 150
2 12 11 0 13 311 0
-16.5993 18.685 -24.1161
250 100 150
2 12 18 0 14 245 0
-0.0860888 -2.51116 7.47065
250 100 150
3 12 20 0 13 39 0 14 218 0
-0.0245377 -0.858332 8.77635
250 100 150
2 12 22 0 13 41 0
-17.0138 17.9806 -22.4695
250 100 150
2 12 28 0 14 257 0
-16.55 19.4859 -25.1354
250 100 150
2 12 35 0 14 249 0
-16.2804 25.5694 -18.0715
250 100 150
2 12 39 0 14 206 0
0.102365 -1.83657 8.59106
250 100 150
2 12 50 0 13 127 0
-16.4216 20.0871 -24.6997
250 100 150
2 12 53 0 14 30 0
-16.3919 19.781 -20.9969
250 100 150
2 12 61 0 14 114 0
0.647822 1.57521 8.8285
250 100 150
2 12 88 0 13 120 0
-0.182202 1.32442 9.39331
250 100 150
4 12 99 0 14 263 0 15 377 0 16 386 0
-23.7041 26.7133 -24.9668
250 100 150
2 12 100 0 14 67 0
1.04456 1.5023 8.99125
250 100 150
4 12 106 0 13 142 0 14 62 0 15 164 0
0.960419 -1.27702 7.79831
250 100 150
2 12 109 0 13 174 0
-0.0621191 -1.22728 8.6895
250 100 150
2 12 115 0 13 312 0
0.356794 -2.11978 8.23431
250 100 150
2 12 116 0 14 268 0
-0.0242028 -0.938639 8.7519
250 100 150
2 12 135 0 13 240 0
-0.453905 -1.91815 8.5206
250 100 150
2 12 153 0 13 310 0
-0.13792 -2.49463 7.51298
250 100 150
3 12 160 0 13 266 0 14 19 0
0.823628 -1.1944 8.05418
250 100 150
2 12 162 0 13 253 0
-0.0384663 -2.32741 8.0671
250 100 150
3 12 168 0 13 161 0 14 197 0
-16.4807 20.7717 -21.1408
250 100 150
2 12 174 0 14 216 0
-16.2991 22.2789 -19.5583
250 100 150
2 12 208 0 14 250 0
-16.3293 22.3874 -18.4262
250 100 150
2 12 209 0 14 264 0
0.0123945 -2.11184 8.4788
250 100 150
5 12 220 0 13 288 0 14 271 0 15 74 0 16 94 0
-17.1175 17.4178 -22.0478
250 100 150
2 12 221 0 14 198 0
-16.2128 24.9085 -18.3028
250 100 150
2 12 230 0 14 162 0
0.294589 -0.839831 8.65879
250 100 150
3 12 239 0 13 388 0 14 315 0
-16.8603 17.9354 -23.2921
250 100 150
2 12 247 0 14 336 0
-0.777461 1.28693 9.44216
250 100 150
2 12 267 0 13 458 0
0.310057 -2.45307 7.68513
250 100 150
3 12 270 0 13 441 0 14 324 0
0.834921 1.68749 8.52873
250 100 150
2 12 285 0 13 440 0
0.751659 -2.11038 7.69416
250 100 150
2 12 291 0 13 496 0
0.99191 1.70801 8.52086
250 100 150
3 12 296 0 13 446 0 14 362 0
0.169739 -1.71358 8.64809
250 100 150
2 12 300 0 14 338 0
0.414482 -2.11581 8.21063
250 100 150
5 12 307 0 13 470 0 14 421 0 15 340 0 16 6 0
-1.11855 1.42139 3.10109
250 100 150
2 12 326 0 14 299 0
-0.0258552 -0.917303 8.74067
250 100 150
3 12 331 0 13 382 0 14 300 0
0.909836 -1.72695 7.77363
250 100 150
2 12 334 0 13 363 0
0.0498436 -2.2759 8.18742
250 100 150
3 12 349 0 13 509 0 14 453 0
0.910816 -1.59572 7.8003
250 100 150
2 12 352 0 13 418 0
-23.8229 28.3569 -26.9245
250 100 150
2 12 360 0 14 475 0
0.301211 -2.18966 8.17435
250 100 150
2 12 366 0 13 519 0
0.84587 -1.99595 7.73567
250 100 150
2 12 372 0 13 515 0
-0.375574 1.35702 9.31614
250 100 150
5 12 375 0 13 520 0 14 330 0 15 574 0 16 409 0
0.668383 1.41055 9.21367
250 100 150
3 12 379 0 13 524 0 14 454 0
-0.298208 -1.06176 8.77737
250 100 150
3 13 1 0 14 130 0 15 158 0
-8.18886 14.5324 -21.9902
250 100 150
3 13 11 0 14 23 0 15 30 0
-4.27539 21.9808 -12.8518
250 100 150
2 13 21 0 15 126 0
-8.18171 14.8028 -21.5764
250 100 150
3 13 22 0 14 41 0 15 47 0
-8.17881 14.801 -21.5658
250 100 150
2 13 28 0 14 46 0
-5.13855 21.911 -9.15524
250 100 150
2 13 35 0 15 1 0
-0.241073 -1.3986 8.6708
250 100 150
2 13 36 0 14 381 0
-0.176608 0.573614 8.24166
250 100 150
2 13 67 0 14 196 0
-6.84504 15.9216 -21.6355
250 100 150
2 13 68 0 15 80 0
-0.292168 -2.48309 7.6891
250 100 150
3 13 69 0 14 236 0 15 119 0
-7.7391 15.8488 -21.3744
250 100 150
2 13 72 0 15 87 0
-0.895576 -1.65812 8.29227
250 100 150
2 13 76 0 14 285 0
-4.21283 22.9697 -12.3898
250 100 150
2 13 104 0 15 235 0
-5.40771 12.7684 -12.8476
250 100 150
2 13 105 0 15 311 0
-0.964045 1.28218 9.5549
250 100 150
4 13 113 0 14 98 0 15 240 0 16 245 0
-5.25413 13.3781 -13.2164
250 100 150
2 13 115 0 15 241 0
-5.94048 17.4355 -21.4142
250 100 150
2 13 133 0 15 175 0
-0.109733 -1.81188 8.62484
250 100 150
3 13 136 0 14 40 0 15 236 0
-0.854926 1.33531 9.43582
250 100 150
2 13 143 0 15 312 0
-0.151448 1.36335 9.2965
250 100 150
2 13 152 0 14 86 0
0.884567 1.53096 8.91998
250 100 150
3 13 160 0 14 255 0 15 285 0
-0.753175 1.11069 9.94699
250 100 150
2 13 165 0 14 112 0
0.204802 -1.79291 8.60635
250 100 150
2 13 175 0 14 15 0
-5.53036 21.2445 -9.36815
250 100 150
2 13 182 0 15 277 0
-0.369083 -1.07577 8.78488
250 100 150
2 13 194 0 14 295 0
-6.49036 15.1258 -23.9747
250 100 150
2 13 199 0 14 75 0
-0.172687 -1.70451 8.65692
250 100 150
3 13 204 0 14 85 0 16 330 0
-4.19458 20.9409 -12.9498
250 100 150
2 13 221 0 15 136 0
-8.47067 14.5008 -21.5401
250 100 150
3 13 226 0 14 183 0 15 95 0
-0.766614 -2.0545 8.15941
250 100 150
2 13 231 0 14 254 0
-6.41329 27.3715 -27.0082
250 100 150
2 13 237 0 15 283 0
0.487165 -0.876565 8.55551
250 100 150
2 13 249 0 14 298 0
-0.522293 -1.32991 8.63105
250 100 150
2 13 257 0 14 146 0
0.348646 -1.11451 8.55529
250 100 150
2 13 259 0 14 93 0
-7.88553 14.9957 -21.5278
250 100 150
2 13 268 0 15 361 0
-3.51868 22.263 -12.6499
250 100 150
2 13 272 0 15 319 0
-5.60952 20.5296 -10.1207
250 100 150
2 13 284 0 15 33 0
-4.0973 22.5515 -12.1624
250 100 150
2 13 300 0 15 330 0
-1.13857 1.3763 9.34471
250 100 150
4 13 302 0 14 308 0 15 396 0 16 424 0
-4.91862 20.6016 -10.139
250 100 150
2 13 304 0 15 22 0
-5.54604 20.6511 -9.68651
250 100 150
2 13 308 0 15 51 0
-3.83024 23.1245 -12.3101
250 100 150
2 13 314 0 15 14 0
-0.292727 -1.90877 8.57941
250 100 150
2 13 320 0 14 193 0
1.11007 1.54704 8.91573
250 100 150
3 13 321 0 14 310 0 15 373 0
-0.073263 -1.75952 8.6535
250 100 150
3 13 335 0 14 326 0 15 392 0
0.973698 -1.64459 7.65929
250 100 150
2 13 358 0 14 149 0
-6.21637 15.2819 -21.9797
250 100 150
2 13 366 0 15 422 0
0.466367 -2.14026 8.10869
250 100 150
2 13 374 0 15 524 0
0.169317 -1.71701 8.64731
250 100 150
2 13 378 0 15 614 0
-7.5706 15.6867 -22.2652
250 100 150
2 13 379 0 15 445 0
-7.11145 16.3316 -21.5328
250 100 150
2 13 393 0 15 462 0
0.36499 -0.612216 8.68715
250 100 150
2 13 405 0 14 244 0
-0.160856 -1.0955 8.72607
250 100 150
2 13 450 0 14 400 0
-3.93475 22.4111 -12.6955
250 100 150
2 13 455 0 15 415 0
-0.441025 -2.3106 8.12213
250 100 150
4 13 485 0 14 436 0 15 617 0 16 594 0
0.286274 -1.76622 8.58294
250 100 150
4 13 498 0 14 401 0 15 528 0 16 435 0
-4.44887 21.5421 -12.7867
250 100 150
2 13 511 0 15 421 0
0.294606 -2.18608 8.16122
250 100 150
3 13 517 0 14 456 0 15 461 0
-0.0722357 -2.40517 7.71474
250 100 150
2 13 552 0 14 488 0
0.190846 -2.15436 8.32179
250 100 150
3 13 556 0 14 465 0 15 594 0
3.48132 23.0304 -18.7291
250 100 150
2 14 4 0 16 107 0
6.14802 25.8631 -37.4359
250 100 150
2 14 6 0 16 168 0
3.14727 22.6426 -39.5796
250 100 150
2 14 10 0 16 19 0
-0.679661 -1.71113 8.50514
250 100 150
3 14 11 0 15 227 0 16 303 0
2.90135 26.1463 -20.6361
250 100 150
2 14 21 0 16 400 0
-1.08367 1.60862 8.80939
250 100 150
4 14 24 0 15 276 0 16 331 0 17 224 0
-0.241329 -1.80324 8.59447
250 100 150
2 14 31 0 15 208 0
-0.787785 -1.57325 8.56828
250 100 150
3 14 48 0 15 37 0 16 162 0
0.622185 1.41085 9.07817
250 100 150
2 14 49 0 15 178 0
3.69699 25.4465 -34.9586
250 100 150
2 14 52 0 16 218 0
-7.36447 15.3109 -22.2425
250 100 150
2 14 65 0 15 146 0
-0.854195 1.32586 9.4389
250 100 150
4 14 74 0 15 309 0 16 18 0 17 228 0
-0.172721 -1.70642 8.65986
250 100 150
4 14 76 0 15 284 0 16 326 0 17 3 0
3.88435 29.4927 -31.8951
250 100 150
2 14 89 0 16 36 0
-7.90509 14.4002 -22.3006
250 100 150
2 14 90 0 15 333 0
-0.480631 -1.51442 8.60765
250 100 150
3 14 100 0 15 73 0 16 175 0
5.98204 26.3044 -37.3542
250 100 150
2 14 107 0 16 78 0
-0.581759 -2.10879 8.26595
250 100 150
7 14 108 0 15 5 0 16 51 0 17 231 0 18 319 0 19 159 0 20 131 0
6.50289 24.805 -17.5555
250 100 150
2 14 109 0 16 138 0
0.0857673 -2.05145 8.4799
250 100 150
3 14 111 0 15 372 0 16 102 0
2.84489 25.4203 -17.4016
250 100 150
2 14 116 0 16 336 0
-0.612292 1.12291 9.96731
250 100 150
3 14 117 0 15 260 0 16 262 0
3.16163 25.454 -17.0218
250 100 150
2 14 135 0 16 346 0
0.175136 -0.812083 8.7082
250 100 150
2 14 143 0 15 7 0
-0.751055 -2.31151 7.48916
250 100 150
3 14 144 0 15 129 0 16 340 0
-0.0612487 -0.816013 8.80316
250 100 150
2 14 151 0 15 13 0
3.41412 26.8001 -35.9743
250 100 150
2 14 152 0 16 291 0
6.19622 24.4184 -38.2438
250 100 150
2 14 165 0 16 139 0
-0.0700035 -1.21658 8.67666
250 100 150
3 14 166 0 15 43 0 16 194 0
-0.47122 -1.95236 8.47176
250 100 150
4 14 173 0 15 133 0 16 213 0 17 153 0
-0.631056 -2.35353 7.7567
250 100 150
3 14 181 0 15 187 0 16 354 0
-0.513766 -2.40624 7.83133
250 100 150
3 14 194 0 15 306 0 16 309 0
-0.296399 -1.89149 8.57065
250 100 150
3 14 208 0 15 508 0 16 429 0
-0.0894754 -2.49852 7.44903
250 100 150
3 14 212 0 15 83 0 16 152 0
-1.79932 2.06334 7.9131
250 100 150
2 14 215 0 15 232 0
-1.92284 2.16909 7.87037
250 100 150
3 14 220 0 15 117 0 16 507 0
-0.0682857 -2.32442 8.20208
250 100 150
2 14 228 0 15 269 0
0.016036 -2.54189 7.26696
250 100 150
2 14 233 0 15 162 0
3.1566 24.6358 -17.4099
250 100 150
2 14 252 0 16 91 0
-0.754746 1.29852 9.53054
250 100 150
2 14 266 0 15 317 0
-1.11191 -1.62152 8.10356
250 100 150
5 14 274 0 15 125 0 16 396 0 17 93 0 18 69 0
-1.47519 1.85667 8.28285
250 100 150
3 14 306 0 15 363 0 16 382 0
-0.717802 -1.95813 8.19888
250 100 150
2 14 317 0 15 597 0
6.68238 26.3227 -36.8435
250 100 150
2 14 335 0 16 461 0
-0.279022 -1.57977 8.65256
250 100 150
2 14 341 0 15 412 0
-0.610792 -1.77445 8.44876
250 100 150
3 14 344 0 15 604 0 16 485 0
-0.832986 1.21995 9.71621
250 100 150
3 14 355 0 15 610 0 16 589 0
-0.479464 -1.76149 8.49402
250 100 150
2 14 369 0 15 595 0
0.173467 -2.33301 7.99503
250 100 150
3 14 383 0 15 399 0 16 493 0
1.61159 1.55564 10.0394
250 100 150
2 14 390 0 15 430 0
-0.30564 -1.16975 8.72375
250 100 150
2 14 391 0 15 475 0
-0.47305 -1.25019 8.67675
250 100 150
3 14 392 0 15 451 0 16 403 0
0.173742 -2.26416 8.1163
250 100 150
2 14 405 0 15 503 0
-0.0715217 -1.40011 8.67984
250 100 150
2 14 417 0 15 464 0
-0.257976 -2.33946 8.17692
250 100 150
2 14 419 0 15 418 0
0.052755 -0.890475 8.73274
250 100 150
3 14 427 0 15 589 0 16 471 0
-0.225154 -0.920199 8.81084
250 100 150
2 14 428 0 15 513 0
-0.38282 -2.16655 8.36583
250 100 150
2 14 443 0 15 506 0
0.0486809 -2.27556 8.18198
250 100 150
2 14 447 0 15 584 0
3.89917 22.9778 -19.3154
250 100 150
2 14 468 0 16 412 0
-0.422851 -1.60692 8.59592
250 100 150
3 14 472 0 15 408 0 16 530 0
-5.23173 18.5341 -30.3599
250 100 150
2 14 485 0 15 656 0
13.2311 18.4704 -34.6517
250 100 150
2 15 0 0 16 5 0
14 17.3347 -32.3251
250 100 150
2 15 11 0 16 13 0
12.2421 20.9313 -38.9481
250 100 150
2 15 21 0 16 42 0
-0.711781 -1.80888 8.30422
250 100 150
2 15 40 0 16 222 0
-0.402898 -1.85604 8.5089
250 100 150
2 15 70 0 16 115 0
0.024367 -1.06764 8.70897
250 100 150
2 15 97 0 16 68 0
-1.32356 -1.44788 7.8263
250 100 150
2 15 108 0 16 231 0
-0.424734 -1.51845 8.65241
250 100 150
2 15 111 0 16 342 0
-1.18206 1.86991 8.20992
250 100 150
3 15 127 0 16 130 0 17 141 0
-1.43864 1.71459 8.70137
250 100 150
2 15 140 0 16 170 0
-1.67037 1.80149 8.72583
250 100 150
2 15 153 0 16 184 0
-0.464047 -1.90641 8.52029
250 100 150
4 15 160 0 16 273 0 17 174 0 18 192 0
-0.872526 1.50627 8.9982
250 100 150
2 15 183 0 16 176 0
-0.473042 -0.775021 8.74884
250 100 150
2 15 185 0 16 362 0
-0.109569 1.37031 9.33828
250 100 150
2 15 201 0 16 180 0
-0.737949 -1.24697 8.59012
250 100 150
2 15 214 0 16 25 0
-0.0407377 -1.10792 8.68359
250 100 150
2 15 251 0 16 47 0
-0.836092 -1.6374 8.46517
250 100 150
2 15 253 0 16 312 0
-0.951201 1.1206 9.95138
250 100 150
3 15 254 0 16 267 0 17 35 0
-0.812601 -2.15475 8.05766
250 100 150
5 15 341 0 16 381 0 17 222 0 18 258 0 19 87 0
-0.783652 -2.02611 8.12079
250 100 150
2 15 345 0 16 385 0
-0.682855 -2.07548 8.20196
250 100 150
2 15 364 0 16 387 0
-1.19597 -1.57925 7.78695
250 100 150
2 15 366 0 16 404 0
-0.658618 -2.01245 8.24185
250 100 150
2 15 402 0 16 524 0
-0.236179 -1.42237 8.6836
250 100 150
2 15 426 0 16 504 0
14.4494 17.6575 -32.3726
250 100 150
2 15 465 0 16 458 0
-0.155922 -1.09312 8.73093
250 100 150
2 15 484 0 16 453 0
0.173549 -2.26421 8.11783
250 100 150
2 15 500 0 16 374 0
-0.0854736 -0.860849 8.80185
250 100 150
2 15 511 0 16 348 0
-0.422456 -1.34594 8.60688
250 100 150
2 15 520 0 16 408 0
-0.594853 -2.38603 7.6563
250 100 150
2 15 577 0 16 526 0
-1.07914 -1.62821 8.19336
250 100 150
5 15 578 0 16 455 0 17 397 0 18 463 0 19 400 0
-0.660627 -2.31285 8.05184
250 100 150
4 15 651 0 16 624 0 17 434 0 18 548 0
-1.01056 1.15138 10.0031
250 100 150
2 16 8 0 17 58 0
-1.39736 -1.59961 7.63765
250 100 150
2 16 76 0 17 251 0
-0.377431 -1.59635 8.64778
250 100 150
2 16 131 0 17 176 0
-0.592413 -1.01587 8.73753
250 100 150
3 16 136 0 17 233 0 18 259 0
-0.730664 -1.94412 8.29438
250 100 150
3 16 141 0 17 28 0 18 186 0
0.86896 1.34136 9.37226
250 100 150
2 16 149 0 17 118 0
-1.2116 -1.87248 7.20482
250 100 150
2 16 181 0 17 196 0
-1.17305 1.42476 9.24376
250 100 150
2 16 196 0 17 12 0
-1.71397 1.72616 9.09876
250 100 150
2 16 224 0 17 32 0
-1.18989 -1.86091 7.51358
250 100 150
3 16 259 0 17 212 0 18 147 0
-0.574969 -2.40885 7.42424
250 100 150
3 16 299 0 17 84 0 18 148 0
-1.53565 1.85564 8.35754
250 100 150
3 16 315 0 17 214 0 18 284 0
-0.384372 -2.48735 7.76612
250 100 150
2 16 332 0 17 157 0
-1.15349 -1.81722 7.74752
250 100 150
3 16 383 0 17 239 0 18 269 0
-0.672654 -1.93715 8.33015
250 100 150
2 16 411 0 17 254 0
-0.797316 -1.73646 8.21
250 100 150
2 16 438 0 17 379 0
-1.07313 -1.85942 7.76197
250 100 150
2 16 460 0 17 267 0
-1.05419 -1.55819 8.36023
250 100 150
3 16 477 0 17 368 0 18 485 0
-0.297246 -1.62329 8.66102
250 100 150
2 16 488 0 17 24 0
-0.465739 -2.08996 8.40977
250 100 150
2 16 492 0 17 325 0
-1.07545 -1.3007 8.41316
250 100 150
2 16 510 0 17 348 0
-0.853726 -2.00603 8.13273
250 100 150
3 16 512 0 17 280 0 18 321 0
-0.888839 -1.64569 8.26673
250 100 150
2 16 556 0 17 284 0
-1.01356 -2.04832 7.6723
250 100 150
3 16 558 0 17 301 0 18 351 0
0.67108 1.40855 9.19885
250 100 150
2 16 560 0 17 361 0
-2.12296 2.57077 7.7778
250 100 150
2 16 618 0 17 380 0
-0.48405 1.23125 9.70603
250 100 150
2 16 642 0 17 457 0
-1.31929 1.53172 9.00235
250 100 150
2 17 0 0 18 89 0
-1.50454 1.56385 9.29169
250 100 150
2 17 25 0 18 113 0
-0.681414 -2.33217 7.60278
250 100 150
2 17 55 0 18 60 0
6.39754 8.88076 -1.32925
250 100 150
2 17 67 0 18 158 0
-1.37083 -1.4472 7.70445
250 100 150
4 17 76 0 18 62 0 19 306 0 20 130 0
7.54601 13.3013 -0.988367
250 100 150
2 17 92 0 18 280 0
6.82961 10.1893 -1.67572
250 100 150
2 17 97 0 18 123 0
-1.37936 -1.67659 7.31968
250 100 150
2 17 104 0 18 153 0
7.09162 12.6355 1.36734
250 100 150
2 17 129 0 18 306 0
-1.19965 1.84685 8.22594
250 100 150
2 17 134 0 18 25 0
-0.507477 -1.71235 8.51533
250 100 150
2 17 150 0 18 79 0
-1.45392 1.82664 8.33034
250 100 150
2 17 154 0 18 57 0
-1.42059 1.71932 8.60405
250 100 150
2 17 160 0 18 70 0
-0.543791 -0.745186 8.68058
250 100 150
2 17 181 0 18 178 0
-1.39088 1.62926 8.75081
250 100 150
2 17 185 0 18 83 0
-1.21424 -1.8239 7.23736
250 100 150
3 17 192 0 18 253 0 19 122 0
-0.924898 1.79382 8.09219
250 100 150
2 17 193 0 18 440 0
-1.43761 -1.36763 7.70074
250 100 150
3 17 194 0 18 249 0 19 46 0
-0.97285 1.66936 8.22984
250 100 150
2 17 201 0 18 329 0
-0.868568 1.63205 8.76237
250 100 150
2 17 206 0 18 37 0
-0.922792 -2.08517 7.71057
250 100 150
2 17 209 0 18 244 0
6.58028 9.10967 -0.655142
250 100 150
2 17 210 0 18 230 0
-1.01014 -1.19091 8.47013
250 100 150
2 17 218 0 18 81 0
-1.09039 1.60152 8.81246
250 100 150
2 17 219 0 18 279 0
7.34601 12.5062 -0.65766
250 100 150
2 17 237 0 18 461 0
7.53647 13.8318 0.787141
250 100 150
2 17 245 0 18 412 0
-0.659386 -2.04491 8.28134
250 100 150
3 17 246 0 18 323 0 19 185 0
-1.49277 1.83582 8.28596
250 100 150
4 17 253 0 18 338 0 19 350 0 20 328 0
-0.620454 -1.76919 8.45524
250 100 150
2 17 268 0 18 347 0
-0.844479 -2.24926 7.80291
250 100 150
2 17 281 0 18 473 0
-1.14876 1.38476 9.34254
250 100 150
5 17 326 0 18 470 0 19 352 0 20 323 0 21 511 0
-0.887195 -2.13545 8.01575
250 100 150
3 17 346 0 18 297 0 19 209 0
-0.75417 -1.90492 8.25328
250 100 150
2 17 360 0 18 397 0
-0.64665 1.30747 9.38687
250 100 150
4 17 375 0 18 375 0 19 361 0 20 388 0
-0.903199 -1.47122 8.55656
250 100 150
2 17 431 0 18 539 0
-0.716823 1.38487 9.34491
250 100 150
2 18 65 0 19 8 0
14.2953 7.43676 10.3273
250 100 150
2 18 71 0 19 199 0
8.18484 10.0088 1.8754
250 100 150
2 18 73 0 19 284 0
-0.77711 -2.31161 7.81452
250 100 150
2 18 87 0 19 48 0
9.07477 11.8163 2.34774
250 100 150
2 18 88 0 19 100 0
-1.01878 1.13837 9.99487
250 100 150
2 18 100 0 19 34 0
-1.08922 -1.92981 7.32163
250 100 150
3 18 105 0 19 57 0 20 16 0
14.462 7.92598 10.5455
250 100 150
2 18 115 0 19 14 0
-0.0796883 3.22561 10.9014
250 100 150
2 18 131 0 19 66 0
9.50291 11.9446 1.40379
250 100 150
2 18 143 0 19 120 0
9.17063 11.819 2.51412
250 100 150
2 18 179 0 19 151 0
-0.635079 -2.36268 7.77709
250 100 150
2 18 182 0 19 146 0
-1.08215 -1.66138 8.0449
250 100 150
3 18 203 0 19 170 0 20 195 0
13.6653 8.04188 9.7302
250 100 150
2 18 205 0 19 30 0
-0.852856 1.60457 8.68578
250 100 150
3 18 237 0 19 243 0 20 120 0
-1.07029 -2.00373 7.48172
250 100 150
2 18 240 0 19 176 0
8.16013 12.6664 2.42559
250 100 150
2 18 255 0 19 186 0
-0.837734 1.34006 9.43435
250 100 150
4 18 296 0 19 277 0 20 253 0 21 378 0
-1.12668 1.28367 9.5591
250 100 150
2 18 305 0 19 285 0
-0.955923 -2.08315 7.98082
250 100 150
2 18 315 0 19 224 0
-1.08185 -1.91478 7.10136
250 100 150
2 18 389 0 19 428 0
-1.09089 -1.05827 8.44503
250 100 150
2 18 396 0 19 450 0
-1.21707 -1.87834 7.20695
250 100 150
2 18 403 0 19 455 0
9.15043 10.3695 0.739191
250 100 150
2 18 410 0 19 487 0
-0.128649 -2.50872 7.42944
250 100 150
2 18 427 0 19 19 0
-1.35203 -1.6143 7.68632
250 100 150
2 18 462 0 19 276 0
-1.18348 -1.82602 6.96635
250 100 150
2 18 478 0 19 509 0
-1.24592 -1.49624 8.11867
250 100 150
2 18 480 0 19 448 0
9.53578 10.8632 1.66859
250 100 150
2 18 483 0 19 538 0
-1.09541 -1.41207 8.32248
250 100 150
2 18 490 0 19 489 0
-1.02265 -2.04606 7.05136
250 100 150
3 18 498 0 19 526 0 20 415 0
-0.947658 -1.29927 8.54147
250 100 150
2 18 507 0 19 527 0
-1.18713 -1.83303 7.36263
250 100 150
2 18 508 0 19 543 0
-0.80148 2.48272 9.57909
250 100 150
2 18 592 0 19 619 0
-0.777424 1.28123 9.51753
250 100 150
3 19 17 0 20 133 0 21 1 0
-0.864751 -0.610263 8.17374
250 100 150
2 19 33 0 20 284 0
-1.45723 -1.23462 7.60088
250 100 150
3 19 72 0 20 300 0 21 425 0
-0.652768 -2.34863 7.48081
250 100 150
2 19 108 0 20 59 0
-1.22155 -1.82896 7.23737
250 100 150
2 19 115 0 20 24 0
-0.321158 0.461012 7.66223
250 100 150
2 19 128 0 20 173 0
-1.29079 -1.40094 7.00771
250 100 150
2 19 130 0 20 161 0
-1.19511 -1.37954 6.81255
250 100 150
2 19 168 0 20 325 0
-1.1963 -1.77124 6.98478
250 100 150
2 19 196 0 20 381 0
-1.48935 -1.18369 7.63269
250 100 150
2 19 212 0 20 210 0
-1.00419 1.82532 8.35089
250 100 150
3 19 249 0 20 290 0 21 517 0
-1.08687 1.60801 8.81301
250 100 150
4 19 270 0 20 154 0 21 67 0 22 102 0
-1.31823 -1.49822 7.70651
250 100 150
2 19 297 0 20 224 0
-1.13842 -1.6054 8.01466
250 100 150
2 19 305 0 20 282 0
-1.18976 -1.58323 8.10129
250 100 150
2 19 323 0 20 294 0
-0.807951 1.50182 9.05412
250 100 150
3 19 348 0 20 288 0 21 434 0
-1.01555 -1.82004 6.73801
250 100 150
3 19 423 0 20 395 0 21 528 0
-1.16901 -1.73433 6.80217
250 100 150
3 19 441 0 20 409 0 21 537 0
-1.21128 -1.87615 7.20568
250 100 150
2 19 449 0 20 422 0
-0.967114 -2.04651 7.78219
250 100 150
2 19 468 0 20 406 0
-1.30005 -1.55971 6.93197
250 100 150
2 19 479 0 20 418 0
-1.14697 -1.39562 8.17115
250 100 150
2 20 13 0 21 289 0
-0.803804 -2.24643 7.07197
250 100 150
2 20 21 0 21 306 0
-1.24391 1.13191 10.3438
250 100 150
3 20 26 0 21 80 0 22 41 0
-1.35317 1.24579 10.0376
250 100 150
2 20 48 0 21 117 0
-1.31201 -1.47614 6.96797
250 100 150
3 20 70 0 21 364 0 22 404 0
-1.00477 -1.61281 6.50638
250 100 150
3 20 93 0 21 375 0 22 5 0
-0.533346 2.08147 7.6684
250 100 150
2 20 103 0 21 388 0
-0.935159 -1.74732 6.53604
250 100 150
2 20 107 0 21 294 0
-1.47096 -1.41556 7.50084
250 100 150
3 20 111 0 21 407 0 22 54 0
-1.08711 -1.55039 6.63336
250 100 150
2 20 112 0 21 63 0
-1.71441 1.71138 9.01303
250 100 150
2 20 115 0 21 273 0
-1.68373 1.65189 9.23366
250 100 150
3 20 121 0 21 236 0 22 234 0
-1.77047 1.74339 8.88528
250 100 150
2 20 127 0 21 302 0
-0.961337 -1.78162 6.65746
250 100 150
2 20 135 0 21 515 0
-1.76279 1.76514 8.97736
250 100 150
2 20 141 0 21 2 0
-0.980242 2.05117 7.7967
250 100 150
2 20 146 0 21 111 0
-1.20535 -1.52042 8.09093
250 100 150
2 20 148 0 21 417 0
-1.31014 1.50839 9.04733
250 100 150
2 20 199 0 21 122 0
-0.68768 -0.456454 6.70608
250 100 150
4 20 200 0 21 13 0 22 150 0 23 167 0
-1.1401 -1.2149 7.17015
250 100 150
5 20 211 0 21 261 0 22 192 0 23 245 0 24 176 0
-1.21992 -1.81279 7.40542
250 100 150
2 20 223 0 21 99 0
-1.43063 -1.40545 7.45082
250 100 150
2 20 227 0 21 256 0
-1.16971 -1.46336 8.07164
250 100 150
2 20 240 0 21 274 0
-1.15492 -1.02389 8.03108
250 100 150
2 20 255 0 21 362 0
-1.11657 1.30014 9.55867
250 100 150
3 20 263 0 21 45 0 22 49 0
-1.83506 1.86166 8.76243
250 100 150
3 20 272 0 21 41 0 22 39 0
-0.898302 -0.991602 6.8988
250 100 150
5 20 275 0 21 494 0 22 468 0 23 10 0 24 323 0
-1.15613 -1.60636 8.01292
250 100 150
2 20 279 0 21 385 0
-0.816709 -0.898566 6.82736
250 100 150
3 20 286 0 21 505 0 22 547 0
-1.18069 -1.58416 8.10157
250 100 150
2 20 292 0 21 399 0
-0.998568 1.35297 9.39529
250 100 150
3 20 311 0 21 435 0 22 392 0
-0.848514 -0.633357 8.0465
250 100 150
2 20 327 0 21 472 0
-1.44524 -1.39896 7.36705
250 100 150
3 20 373 0 21 486 0 22 532 0
-1.1875 -1.88814 7.0825
250 100 150
2 20 375 0 21 532 0
-0.704199 -2.31387 7.17008
250 100 150
2 20 424 0 21 490 0
-1.25921 -1.36394 7.19927
250 100 150
6 0 102 0 20 436 0 21 479 0 22 616 0 24 521 0 25 116 0
-0.662774 1.14092 9.82141
250 100 150
3 20 444 0 21 508 0 22 511 0
-0.86012 1.23155 9.70784
250 100 150
2 20 448 0 21 529 0
-0.994542 -1.03369 7.13354
250 100 150
3 23 445 0 24 414 0 25 588 0
0.788107 1.65648 9.10549
250 100 150
2 21 710 0 22 656 0
-1.7922 1.76197 9.05328
250 100 150
2 21 25 0 22 309 0
-2.13714 2.25658 7.83187
250 100 150
3 21 27 0 22 86 0 23 147 0
-1.811 1.78997 8.85774
250 100 150
2 21 32 0 22 314 0
-1.06807 -1.65739 6.6845
250 100 150
6 0 281 0 21 33 0 22 48 0 23 165 0 24 132 0 25 344 0
-1.81298 2.0103 8.05308
250 100 150
2 21 37 0 22 44 0
-0.616563 -1.96404 6.4248
250 100 150
2 21 42 0 22 277 0
-1.17611 -1.7345 6.92904
250 100 150
3 21 43 0 22 388 0 23 337 0
-0.947576 1.80113 8.17775
250 100 150
2 21 59 0 23 386 0
-1.90599 2.11959 7.87956
250 100 150
2 21 60 0 22 83 0
31.3276 -8.60364 21.9109
250 100 150
2 21 66 0 23 198 0
-1.91064 2.11884 7.8771
250 100 150
3 21 69 0 22 90 0 23 113 0
-1.08911 -1.54982 6.63309
250 100 150
2 21 71 0 22 67 0
-1.95352 1.96997 8.43688
250 100 150
2 21 75 0 22 62 0
-1.11986 -1.35653 6.12714
250 100 150
2 0 258 0 1 439 0
-1.20863 1.21221 10.1674
250 100 150
2 21 86 0 22 65 0
-0.88434 -1.8209 6.5418
250 100 150
6 0 169 0 21 88 0 22 338 0 23 57 0 24 43 0 25 300 0
-1.20005 1.39795 9.41793
250 100 150
2 21 92 0 22 82 0
-1.18714 -1.8769 6.8511
250 100 150
3 21 100 0 22 362 0 23 212 0
-1.26557 1.52618 8.95358
250 100 150
2 21 104 0 22 249 0
31.6604 -7.54736 21.4069
250 100 150
2 21 105 0 23 437 0
-1.05356 -1.76507 6.73538
250 100 150
2 21 109 0 22 380 0
-1.15587 -1.47605 6.7779
250 100 150
2 21 116 0 22 401 0
33.2992 -10.4201 27.4876
250 100 150
2 21 118 0 23 149 0
-2.03653 2.15322 7.8516
250 100 150
2 21 120 0 23 42 0
-1.35006 -1.61853 7.23038
250 100 150
3 21 125 0 22 87 0 23 280 0
-1.39493 1.63814 8.73991
250 100 150
2 21 139 0 22 147 0
-1.44433 1.70379 8.59689
250 100 150
2 21 160 0 22 163 0
-1.11411 -1.42191 6.6384
250 100 150
3 21 161 0 22 156 0 23 271 0
-1.274 -1.42038 6.94093
250 100 150
3 21 168 0 22 98 0 23 194 0
-1.43365 1.78217 8.38567
250 100 150
4 21 180 0 22 197 0 23 178 0 24 245 0
-1.29984 -1.40391 6.99007
250 100 150
2 21 183 0 22 205 0
-0.455731 -1.9162 6.36896
250 100 150
2 21 185 0 22 315 0
-1.52116 1.55052 9.2721
250 100 150
2 21 188 0 22 296 0
-1.56672 1.54603 9.33435
250 100 150
3 21 194 0 22 159 0 23 136 0
-1.06535 -1.28095 6.84545
250 100 150
2 21 195 0 22 129 0
-1.56575 1.7146 8.7768
250 100 150
2 21 204 0 22 226 0
-0.930136 -2.01274 6.65868
250 100 150
2 21 206 0 22 336 0
13.5322 7.59623 12.1646
250 100 150
2 21 207 0 22 203 0
14.5556 7.5713 11.7551
250 100 150
2 21 211 0 22 32 0
-1.21252 -1.35733 7.04749
250 100 150
2 21 213 0 22 149 0
33.2289 -11.3542 27.7366
250 100 150
2 21 218 0 23 183 0
14.3922 7.56659 12.1231
250 100 150
2 21 222 0 22 45 0
32.9445 -10.8356 27.4442
250 100 150
2 21 244 0 23 203 0
-0.809566 -1.00257 6.78375
250 100 150
5 21 246 0 22 70 0 23 402 0 24 100 0 25 402 0
-1.66547 1.84161 8.46129
250 100 150
2 21 247 0 22 351 0
-0.779216 -0.268659 6.90873
250 100 150
6 0 2 0 21 250 0 22 240 0 23 230 0 24 239 0 25 364 0
-1.68808 1.782 8.73883
250 100 150
5 21 253 0 22 276 0 23 2 0 24 251 0 25 293 0
-1.11367 -1.16846 7.12283
250 100 150
6 0 98 0 21 264 0 22 210 0 23 264 0 24 311 0 25 181 0
-1.62615 2.00927 7.90638
250 100 150
2 21 265 0 22 361 0
-1.69766 1.73011 9.02987
250 100 150
2 21 270 0 22 270 0
-0.711326 -1.65139 6.3248
250 100 150
3 21 278 0 22 376 0 23 88 0
-1.46102 -1.28661 7.40942
250 100 150
3 21 280 0 22 268 0 23 319 0
-1.73239 1.70114 9.10003
250 100 150
2 21 281 0 22 263 0
-1.49855 -1.25201 7.43984
250 100 150
2 21 284 0 23 327 0
-1.71714 1.88194 8.3539
250 100 150
2 21 285 0 22 2 0
-1.76319 1.74747 8.89123
250 100 150
3 21 298 0 22 291 0 23 193 0
-1.73828 1.84347 8.57562
250 100 150
2 21 308 0 23 30 0
-0.120921 2.22598 7.62667
250 100 150
2 21 309 0 23 141 0
-0.760402 -1.99097 6.52508
250 100 150
3 21 319 0 22 316 0 23 145 0
-1.25555 -1.75849 7.25
250 100 150
2 21 328 0 22 391 0
-0.310365 -1.66381 6.18224
250 100 150
2 21 333 0 22 360 0
-1.38499 -1.63164 7.29462
250 100 150
2 21 358 0 22 402 0
-0.667924 -1.53646 6.25561
250 100 150
3 21 359 0 22 366 0 23 117 0
-0.916153 1.41606 8.34723
250 100 150
2 21 374 0 22 181 0
-0.854189 1.32837 9.41973
250 100 150
2 21 381 0 22 10 0
-1.45591 -1.49841 7.38855
250 100 150
2 21 382 0 22 412 0
-0.793499 1.49893 9.05216
250 100 150
2 21 384 0 22 200 0
-1.26529 -1.28819 7.28409
250 100 150
4 21 389 0 22 180 0 23 240 0 24 155 0
-0.906672 1.60915 8.55481
250 100 150
2 21 391 0 23 101 0
-1.25783 1.24315 10.0537
250 100 150
2 21 405 0 22 209 0
-0.654152 1.29772 9.37932
250 100 150
2 21 429 0 22 292 0
31.5718 -8.22633 22.6096
250 100 150
2 21 462 0 23 431 0
-1.24498 -1.29922 7.10466
250 100 150
2 21 470 0 22 438 0
-0.756721 -0.16958 6.87753
250 100 150
3 21 481 0 22 534 0 23 538 0
-1.33357 -1.35543 7.3112
250 100 150
2 21 484 0 22 457 0
-0.648214 1.40134 9.20042
250 100 150
2 21 492 0 23 454 0
-0.843316 -2.17491 6.97756
250 100 150
2 21 493 0 22 466 0
-0.858492 1.59041 8.62131
250 100 150
2 21 504 0 22 424 0
-1.04034 -1.81804 6.73059
250 100 150
4 21 516 0 22 502 0 23 545 0 24 496 0
-1.03804 -1.64183 6.58795
250 100 150
3 21 539 0 22 520 0 23 523 0
-1.2138 -1.79581 6.97644
250 100 150
2 21 545 0 22 545 0
-0.762996 -0.477263 6.79388
250 100 150
6 0 431 0 21 552 0 22 472 0 23 543 0 24 516 0 25 540 0
-1.30229 -1.56549 6.92857
250 100 150
3 21 576 0 22 467 0 23 541 0
-0.942475 -1.77805 6.62543
250 100 150
7 0 467 0 1 101 0 21 612 0 22 489 0 23 515 0 24 507 0 25 515 0
-1.03597 -1.49399 6.50266
250 100 150
3 21 628 0 22 624 0 23 565 0
-1.23905 -1.12313 7.2859
250 100 150
2 21 674 0 22 629 0
-1.29691 -1.54957 7.0932
250 100 150
2 21 676 0 22 596 0
-0.479948 -0.249469 7.78428
250 100 150
2 21 711 0 22 655 0
-0.864709 1.32573 9.4097
250 100 150
2 22 4 0 23 33 0
-0.843448 0.314158 8.15809
250 100 150
2 22 11 0 23 312 0
-0.643726 -0.385654 6.68138
250 100 150
2 22 13 0 23 76 0
-0.200049 2.04303 7.74759
250 100 150
3 22 23 0 23 128 0 24 231 0
19.7958 0.220362 32.0334
250 100 150
2 22 40 0 24 279 0
-0.342022 -1.74317 6.17754
250 100 150
6 0 243 0 1 254 0 22 50 0 23 21 0 24 19 0 25 183 0
35.9193 -9.80821 42.8039
250 100 150
2 22 74 0 24 266 0
-0.843298 1.88093 8.1497
250 100 150
2 22 114 0 23 144 0
-0.953398 1.87445 8.1746
250 100 150
2 22 127 0 23 157 0
-0.676212 -0.456013 6.71414
250 100 150
3 22 166 0 23 181 0 24 177 0
-1.13707 2.06404 7.77725
250 100 150
3 22 208 0 23 14 0 24 40 0
-1.03609 -1.23752 6.80754
250 100 150
3 22 213 0 23 300 0 24 134 0
-1.44643 -1.2313 7.61617
250 100 150
2 22 239 0 23 17 0
-1.38695 -1.21369 7.60257
250 100 150
2 22 246 0 23 0 0
-1.70552 1.7159 8.88981
250 100 150
2 22 259 0 23 186 0
21.4877 -1.32476 30.8884
250 100 150
2 22 272 0 24 12 0
-0.950763 1.8026 8.17854
250 100 150
7 0 272 0 1 386 0 2 108 0 22 274 0 23 387 0 24 365 0 25 309 0
-0.75417 1.35676 9.26991
250 100 150
2 22 298 0 23 27 0
19.7594 -0.698649 31.814
250 100 150
2 22 319 0 24 255 0
-1.47831 1.71619 8.65703
250 100 150
2 22 324 0 23 169 0
-0.606364 -0.280638 6.66393
250 100 150
2 22 332 0 23 90 0
-0.904023 -1.96513 6.62541
250 100 150
2 22 333 0 23 37 0
36.5783 -12.0638 43.4996
250 100 150
2 22 341 0 24 166 0
-1.7314 1.76675 8.8002
250 100 150
2 22 347 0 23 397 0
-0.658628 -1.6587 6.23691
250 100 150
2 22 348 0 23 73 0
-1.7713 1.81985 8.66169
250 100 150
2 22 358 0 23 404 0
36.1189 -10.7351 42.6136
250 100 150
2 22 359 0 24 241 0
-0.567259 -1.6718 6.22206
250 100 150
8 0 460 0 1 515 0 2 437 0 3 433 0 22 367 0 23 512 0 24 450 0 25 507 0
-0.260386 -1.61025 6.13341
250 100 150
2 22 371 0 23 278 0
2.74105 1.29834 11.1348
250 100 150
2 22 372 0 24 82 0
-0.681325 1.05603 9.24018
250 100 150
2 22 375 0 23 9 0
-1.18011 -1.88231 7.08338
250 100 150
2 22 382 0 23 222 0
-1.20042 -1.72145 6.90838
250 100 150
5 0 240 0 22 386 0 23 332 0 24 37 0 25 279 0
-0.956112 -1.24014 6.7829
250 100 150
7 0 120 0 1 20 0 2 24 0 22 406 0 23 373 0 24 383 0 25 128 0
35.1356 -10.9652 37.8212
250 100 150
2 22 473 0 24 436 0
-0.704616 -1.81533 6.37347
250 100 150
2 22 479 0 24 478 0
-1.21022 -1.3581 6.96504
250 100 150
3 22 497 0 24 396 0 25 463 0
-1.05563 -0.864208 7.96198
250 100 150
2 22 508 0 23 513 0
0.265709 -1.60209 6.0935
250 100 150
2 22 513 0 23 477 0
-0.759781 -0.175058 6.87486
250 100 150
5 0 25 0 22 528 0 23 531 0 24 387 0 25 157 0
1.04733 2.82294 6.87922
250 100 150
2 22 550 0 23 553 0
-1.11562 -1.06961 7.16388
250 100 150
2 22 551 0 23 433 0
-1.35488 -1.50292 7.26464
250 100 150
3 22 564 0 23 548 0 24 503 0
-1.13035 -1.40432 6.75764
250 100 150
3 22 599 0 23 616 0 24 429 0
-0.586093 -0.841265 6.68591
250 100 150
2 0 529 0 25 594 0
-0.469069 2.01378 7.71553
250 100 150
2 22 637 0 23 639 0
-1.62646 2.02242 7.9093
250 100 150
2 23 4 0 24 340 0
-1.20432 1.14366 10.2767
250 100 150
2 23 25 0 24 147 0
29.1061 -15.2373 49.8488
250 100 150
2 23 28 0 25 134 0
20.3012 1.31985 24.8402
250 100 150
2 23 62 0 24 284 0
15.2008 -2.68645 37.2236
250 100 150
2 23 71 0 25 324 0
-0.663409 0.458899 7.82187
250 100 150
2 24 76 0 25 96 0
-0.501698 -1.85099 6.29175
250 100 150
2 23 151 0 24 187 0
-0.834237 -1.54404 6.40679
250 100 150
2 23 155 0 24 150 0
-0.656632 2.11844 7.66609
250 100 150
2 23 173 0 24 2 0
-0.438349 0.606774 7.53168
250 100 150
6 0 125 0 1 78 0 2 227 0 23 179 0 24 88 0 25 120 0
25.3341 -15.0922 50.0074
250 100 150
2 23 180 0 25 162 0
28.9346 -16.0807 48.8568
250 100 150
2 23 204 0 25 220 0
8.44005 3.38708 26.6387
250 100 150
2 23 228 0 25 173 0
-0.98328 -1.6285 6.52206
250 100 150
3 23 231 0 24 9 0 25 267 0
-1.09532 -1.55032 6.62098
250 100 150
2 23 251 0 24 62 0
-0.314316 -1.6604 6.18244
250 100 150
5 0 255 0 1 262 0 23 269 0 24 309 0 25 223 0
30.3617 -18.2081 53.2615
250 100 150
2 23 272 0 25 73 0
-0.710064 -2.10105 6.72276
250 100 150
2 23 292 0 24 130 0
0.164129 0.501025 7.67398
250 100 150
4 0 210 0 23 303 0 24 313 0 25 332 0
29.9335 -16.8167 52.516
250 100 150
2 23 304 0 25 105 0
-0.643288 -1.58821 6.20771
250 100 150
2 23 314 0 24 342 0
-0.36568 0.550727 7.57708
250 100 150
2 23 329 0 24 208 0
-1.34921 -1.21355 7.53191
250 100 150
2 23 331 0 24 184 0
-1.29934 -1.47788 6.98517
250 100 150
2 23 356 0 24 247 0
-1.43731 -1.50752 7.40884
250 100 150
2 23 376 0 24 280 0
-1.15978 -1.29115 7.12896
250 100 150
2 23 389 0 24 307 0
-1.41022 -1.42367 7.39417
250 100 150
2 23 439 0 24 382 0
30.584 -18.1455 53.537
250 100 150
2 23 478 0 25 451 0
-0.639308 -1.74616 6.29255
250 100 150
2 23 486 0 24 501 0
25.1017 -14.5114 49.3911
250 100 150
2 23 494 0 25 580 0
-1.07043 -1.96033 6.78759
250 100 150
2 23 501 0 24 486 0
-0.754591 -1.60213 6.39621
250 100 150
4 0 480 0 23 525 0 24 469 0 25 521 0
-0.912299 -1.58956 6.43214
250 100 150
2 23 534 0 24 518 0
-1.20988 -1.35533 6.96036
250 100 150
2 23 555 0 24 403 0
-0.747203 -1.45418 6.33056
250 100 150
4 0 505 0 23 561 0 24 400 0 25 542 0
-1.22682 -1.5038 6.83914
250 100 150
2 23 568 0 24 421 0
-1.23838 -1.35048 7.23235
250 100 150
2 23 579 0 24 519 0
-1.24066 -1.13055 7.28554
250 100 150
2 23 586 0 24 525 0
-0.714146 0.221966 8.64782
250 100 150
2 23 600 0 25 274 0
1.014 2.80049 7.14818
250 100 150
2 23 641 0 24 577 0
-1.99221 2.20447 7.86291
250 100 150
2 24 58 0 25 82 0
1.31495 5.27157 12.8592
250 100 150
2 24 81 0 25 107 0
-1.48835 2.97883 8.62152
250 100 150
2 24 93 0 25 359 0
-0.293354 -1.7366 6.13116
250 100 150
2 24 243 0 25 149 0
-0.231261 2.12121 7.56932
250 100 150
2 24 257 0 25 36 0
-1.44245 -1.50643 7.39376
250 100 150
2 24 273 0 25 44 0
-0.505622 -0.131938 6.81232
250 100 150
2 24 306 0 25 377 0
-1.54088 2.02548 7.86608
250 100 150
2 24 337 0 25 348 0
-1.5598 1.6331 4.52322
250 100 150
2 24 430 0 25 483 0
-1.00821 1.67857 8.34539
250 100 150
2 24 528 0 25 453 0
-0.60944 -0.571954 6.62762
250 100 150
2 24 546 0 25 619 0
-0.0203731 -0.4247 6.80915
250 100 150
2 24 549 0 25 648 0
