Determining if the pthread_create exist failed with the following output:
Change Dir: /home/silence401/wujinbo/rayinsection/build/CMakeFiles/CMakeTmp

Run Build Command:"/usr/bin/make" "cmTC_40509/fast"
/usr/bin/make -f CMakeFiles/cmTC_40509.dir/build.make CMakeFiles/cmTC_40509.dir/build
make[1]: Entering directory '/home/silence401/wujinbo/rayinsection/build/CMakeFiles/CMakeTmp'
Building C object CMakeFiles/cmTC_40509.dir/CheckSymbolExists.c.o
/usr/bin/cc   -fPIC    -o CMakeFiles/cmTC_40509.dir/CheckSymbolExists.c.o   -c /home/silence401/wujinbo/rayinsection/build/CMakeFiles/CMakeTmp/CheckSymbolExists.c
Linking C executable cmTC_40509
/home/silence401/wujinbo/cmake-3.9.1-Linux-x86_64/bin/cmake -E cmake_link_script CMakeFiles/cmTC_40509.dir/link.txt --verbose=1
/usr/bin/cc  -fPIC     -rdynamic CMakeFiles/cmTC_40509.dir/CheckSymbolExists.c.o  -o cmTC_40509 
CMakeFiles/cmTC_40509.dir/CheckSymbolExists.c.o：在函数‘main’中：
CheckSymbolExists.c:(.text+0x1b)：对‘pthread_create’未定义的引用
collect2: error: ld returned 1 exit status
CMakeFiles/cmTC_40509.dir/build.make:97: recipe for target 'cmTC_40509' failed
make[1]: *** [cmTC_40509] Error 1
make[1]: Leaving directory '/home/silence401/wujinbo/rayinsection/build/CMakeFiles/CMakeTmp'
Makefile:126: recipe for target 'cmTC_40509/fast' failed
make: *** [cmTC_40509/fast] Error 2

File /home/silence401/wujinbo/rayinsection/build/CMakeFiles/CMakeTmp/CheckSymbolExists.c:
/* */
#include <pthread.h>

int main(int argc, char** argv)
{
  (void)argv;
#ifndef pthread_create
  return ((int*)(&pthread_create))[argc];
#else
  (void)argc;
  return 0;
#endif
}

Determining if the function pthread_create exists in the pthreads failed with the following output:
Change Dir: /home/silence401/wujinbo/rayinsection/build/CMakeFiles/CMakeTmp

Run Build Command:"/usr/bin/make" "cmTC_520de/fast"
/usr/bin/make -f CMakeFiles/cmTC_520de.dir/build.make CMakeFiles/cmTC_520de.dir/build
make[1]: Entering directory '/home/silence401/wujinbo/rayinsection/build/CMakeFiles/CMakeTmp'
Building C object CMakeFiles/cmTC_520de.dir/CheckFunctionExists.c.o
/usr/bin/cc   -fPIC -DCHECK_FUNCTION_EXISTS=pthread_create   -o CMakeFiles/cmTC_520de.dir/CheckFunctionExists.c.o   -c /home/silence401/wujinbo/cmake-3.9.1-Linux-x86_64/share/cmake-3.9/Modules/CheckFunctionExists.c
Linking C executable cmTC_520de
/home/silence401/wujinbo/cmake-3.9.1-Linux-x86_64/bin/cmake -E cmake_link_script CMakeFiles/cmTC_520de.dir/link.txt --verbose=1
/usr/bin/cc  -fPIC -DCHECK_FUNCTION_EXISTS=pthread_create    -rdynamic CMakeFiles/cmTC_520de.dir/CheckFunctionExists.c.o  -o cmTC_520de -lpthreads 
/usr/bin/ld: 找不到 -lpthreads
collect2: error: ld returned 1 exit status
CMakeFiles/cmTC_520de.dir/build.make:97: recipe for target 'cmTC_520de' failed
make[1]: *** [cmTC_520de] Error 1
make[1]: Leaving directory '/home/silence401/wujinbo/rayinsection/build/CMakeFiles/CMakeTmp'
Makefile:126: recipe for target 'cmTC_520de/fast' failed
make: *** [cmTC_520de/fast] Error 2


